<?xml version="1.0" encoding="UTF-8"?>
<testsuite name="방에 참가하려 할 때," tests="6" skipped="0" failures="0" errors="0" timestamp="2024-02-20T14:07:47" hostname="ihoui-MacBookAir-12780.local" time="0.105">
  <properties/>
  <testcase name="존재하지 않는 방인 경우, 예외를 반환합니다." classname="quest.prography.lh.room.service.RoomCommandServiceTest$AttendWaitingRoom" time="0.008"/>
  <testcase name="활성 상태가 아닌 참가자인 경우, 예외를 반환합니다." classname="quest.prography.lh.room.service.RoomCommandServiceTest$AttendWaitingRoom" time="0.013"/>
  <testcase name="정원이 이미 가득 찬 경우, 예외를 반환합니다." classname="quest.prography.lh.room.service.RoomCommandServiceTest$AttendWaitingRoom" time="0.029"/>
  <testcase name="존재하지 않는 사용자인 경우, 예외를 반환합니다." classname="quest.prography.lh.room.service.RoomCommandServiceTest$AttendWaitingRoom" time="0.013"/>
  <testcase name="대기 상태가 아닌 방인 경우, 예외를 반환합니다." classname="quest.prography.lh.room.service.RoomCommandServiceTest$AttendWaitingRoom" time="0.018"/>
  <testcase name="참가자가 이미 다른 방에 참여한 경우, 예외를 반환합니다." classname="quest.prography.lh.room.service.RoomCommandServiceTest$AttendWaitingRoom" time="0.018"/>
  <system-out><![CDATA[2024-02-20 23:07:47.660  INFO 11474 --- [    Test worker] .b.t.c.SpringBootTestContextBootstrapper : Neither @ContextConfiguration nor @ContextHierarchy found for test class [quest.prography.lh.room.service.RoomCommandServiceTest$AttendWaitingRoom], using SpringBootContextLoader
2024-02-20 23:07:47.662  INFO 11474 --- [    Test worker] o.s.t.c.support.AbstractContextLoader    : Could not detect default resource locations for test class [quest.prography.lh.room.service.RoomCommandServiceTest$AttendWaitingRoom]: no resource found for suffixes {-context.xml, Context.groovy}.
2024-02-20 23:07:47.663  INFO 11474 --- [    Test worker] t.c.s.AnnotationConfigContextLoaderUtils : Could not detect default configuration classes for test class [quest.prography.lh.room.service.RoomCommandServiceTest$AttendWaitingRoom]: AttendWaitingRoom does not declare any static, non-private, non-final, nested classes annotated with @Configuration.
2024-02-20 23:07:47.664  INFO 11474 --- [    Test worker] .b.t.c.SpringBootTestContextBootstrapper : Found @SpringBootConfiguration quest.prography.lh.LhApplication for test class quest.prography.lh.room.service.RoomCommandServiceTest$AttendWaitingRoom
2024-02-20 23:07:47.664  INFO 11474 --- [    Test worker] .b.t.c.SpringBootTestContextBootstrapper : Loaded default TestExecutionListener class names from location [META-INF/spring.factories]: [org.springframework.boot.test.autoconfigure.restdocs.RestDocsTestExecutionListener, org.springframework.boot.test.autoconfigure.web.client.MockRestServiceServerResetTestExecutionListener, org.springframework.boot.test.autoconfigure.web.servlet.MockMvcPrintOnlyOnFailureTestExecutionListener, org.springframework.boot.test.autoconfigure.web.servlet.WebDriverTestExecutionListener, org.springframework.boot.test.autoconfigure.webservices.client.MockWebServiceServerTestExecutionListener, org.springframework.boot.test.mock.mockito.MockitoTestExecutionListener, org.springframework.boot.test.mock.mockito.ResetMocksTestExecutionListener, org.springframework.test.context.web.ServletTestExecutionListener, org.springframework.test.context.support.DirtiesContextBeforeModesTestExecutionListener, org.springframework.test.context.event.ApplicationEventsTestExecutionListener, org.springframework.test.context.support.DependencyInjectionTestExecutionListener, org.springframework.test.context.support.DirtiesContextTestExecutionListener, org.springframework.test.context.transaction.TransactionalTestExecutionListener, org.springframework.test.context.jdbc.SqlScriptsTestExecutionListener, org.springframework.test.context.event.EventPublishingTestExecutionListener]
2024-02-20 23:07:47.665  INFO 11474 --- [    Test worker] .b.t.c.SpringBootTestContextBootstrapper : Using TestExecutionListeners: [org.springframework.test.context.web.ServletTestExecutionListener@6ad2a8db, org.springframework.test.context.support.DirtiesContextBeforeModesTestExecutionListener@52f8effb, org.springframework.test.context.event.ApplicationEventsTestExecutionListener@59bdd277, org.springframework.boot.test.mock.mockito.MockitoTestExecutionListener@45543b88, org.springframework.boot.test.autoconfigure.SpringBootDependencyInjectionTestExecutionListener@3a3fc789, org.springframework.test.context.support.DirtiesContextTestExecutionListener@2fad7002, org.springframework.test.context.transaction.TransactionalTestExecutionListener@18b431ea, org.springframework.test.context.jdbc.SqlScriptsTestExecutionListener@7c58c10f, org.springframework.test.context.event.EventPublishingTestExecutionListener@389f4282, org.springframework.boot.test.autoconfigure.restdocs.RestDocsTestExecutionListener@7cf618f3, org.springframework.boot.test.autoconfigure.web.client.MockRestServiceServerResetTestExecutionListener@45745de6, org.springframework.boot.test.autoconfigure.web.servlet.MockMvcPrintOnlyOnFailureTestExecutionListener@7f9ebcfe, org.springframework.boot.test.autoconfigure.web.servlet.WebDriverTestExecutionListener@3d577add, org.springframework.boot.test.autoconfigure.webservices.client.MockWebServiceServerTestExecutionListener@712adc04, org.springframework.boot.test.mock.mockito.ResetMocksTestExecutionListener@165634aa]
2024-02-20 23:07:47.670  INFO 11474 --- [    Test worker] o.s.t.c.transaction.TransactionContext   : Began transaction (1) for test context [DefaultTestContext@1c2503d2 testClass = RoomCommandServiceTest.AttendWaitingRoom, testInstance = quest.prography.lh.room.service.RoomCommandServiceTest$AttendWaitingRoom@1aa21319, testMethod = attendWaitingRoom_whenRoomNotFound_throw@RoomCommandServiceTest.AttendWaitingRoom, testException = [null], mergedContextConfiguration = [WebMergedContextConfiguration@3dcf26b5 testClass = RoomCommandServiceTest.AttendWaitingRoom, locations = '{}', classes = '{class quest.prography.lh.LhApplication}', contextInitializerClasses = '[]', activeProfiles = '{}', propertySourceLocations = '{}', propertySourceProperties = '{org.springframework.boot.test.context.SpringBootTestContextBootstrapper=true}', contextCustomizers = set[org.springframework.boot.test.autoconfigure.actuate.metrics.MetricsExportContextCustomizerFactory$DisableMetricExportContextCustomizer@42b02722, org.springframework.boot.test.autoconfigure.properties.PropertyMappingContextCustomizer@0, org.springframework.boot.test.autoconfigure.web.servlet.WebDriverContextCustomizerFactory$Customizer@2f16c6b3, org.springframework.boot.test.context.filter.ExcludeFilterContextCustomizer@53941c2f, org.springframework.boot.test.json.DuplicateJsonObjectContextCustomizerFactory$DuplicateJsonObjectContextCustomizer@2766ca9d, org.springframework.boot.test.mock.mockito.MockitoContextCustomizer@0, org.springframework.boot.test.web.client.TestRestTemplateContextCustomizer@10cf09e8, org.springframework.boot.test.context.SpringBootTestArgs@1, org.springframework.boot.test.context.SpringBootTestWebEnvironment@5f683daf], resourceBasePath = 'src/main/webapp', contextLoader = 'org.springframework.boot.test.context.SpringBootContextLoader', parent = [null]], attributes = map['org.springframework.test.context.web.ServletTestExecutionListener.activateListener' -> true, 'org.springframework.test.context.web.ServletTestExecutionListener.populatedRequestContextHolder' -> true, 'org.springframework.test.context.web.ServletTestExecutionListener.resetRequestContextHolder' -> true, 'org.springframework.test.context.event.ApplicationEventsTestExecutionListener.recordApplicationEvents' -> false]]; transaction manager [org.springframework.orm.jpa.JpaTransactionManager@475fb7]; rollback [true]
Hibernate: select room0_.id as id1_1_0_, room0_.created_at as created_2_1_0_, room0_.updated_at as updated_3_1_0_, room0_.host_id as host_id4_1_0_, room0_.room_type as room_typ5_1_0_, room0_.status as status6_1_0_, room0_.title as title7_1_0_ from room room0_ where room0_.id=?
2024-02-20 23:07:47.676  INFO 11474 --- [    Test worker] o.s.t.c.transaction.TransactionContext   : Rolled back transaction for test: [DefaultTestContext@1c2503d2 testClass = RoomCommandServiceTest.AttendWaitingRoom, testInstance = quest.prography.lh.room.service.RoomCommandServiceTest$AttendWaitingRoom@1aa21319, testMethod = attendWaitingRoom_whenRoomNotFound_throw@RoomCommandServiceTest.AttendWaitingRoom, testException = [null], mergedContextConfiguration = [WebMergedContextConfiguration@3dcf26b5 testClass = RoomCommandServiceTest.AttendWaitingRoom, locations = '{}', classes = '{class quest.prography.lh.LhApplication}', contextInitializerClasses = '[]', activeProfiles = '{}', propertySourceLocations = '{}', propertySourceProperties = '{org.springframework.boot.test.context.SpringBootTestContextBootstrapper=true}', contextCustomizers = set[org.springframework.boot.test.autoconfigure.actuate.metrics.MetricsExportContextCustomizerFactory$DisableMetricExportContextCustomizer@42b02722, org.springframework.boot.test.autoconfigure.properties.PropertyMappingContextCustomizer@0, org.springframework.boot.test.autoconfigure.web.servlet.WebDriverContextCustomizerFactory$Customizer@2f16c6b3, org.springframework.boot.test.context.filter.ExcludeFilterContextCustomizer@53941c2f, org.springframework.boot.test.json.DuplicateJsonObjectContextCustomizerFactory$DuplicateJsonObjectContextCustomizer@2766ca9d, org.springframework.boot.test.mock.mockito.MockitoContextCustomizer@0, org.springframework.boot.test.web.client.TestRestTemplateContextCustomizer@10cf09e8, org.springframework.boot.test.context.SpringBootTestArgs@1, org.springframework.boot.test.context.SpringBootTestWebEnvironment@5f683daf], resourceBasePath = 'src/main/webapp', contextLoader = 'org.springframework.boot.test.context.SpringBootContextLoader', parent = [null]], attributes = map['org.springframework.test.context.web.ServletTestExecutionListener.activateListener' -> true, 'org.springframework.test.context.web.ServletTestExecutionListener.populatedRequestContextHolder' -> true, 'org.springframework.test.context.web.ServletTestExecutionListener.resetRequestContextHolder' -> true, 'org.springframework.test.context.event.ApplicationEventsTestExecutionListener.recordApplicationEvents' -> false]]
2024-02-20 23:07:47.680  INFO 11474 --- [    Test worker] o.s.t.c.transaction.TransactionContext   : Began transaction (1) for test context [DefaultTestContext@1c2503d2 testClass = RoomCommandServiceTest.AttendWaitingRoom, testInstance = quest.prography.lh.room.service.RoomCommandServiceTest$AttendWaitingRoom@2a6dfbb2, testMethod = attendWaitingRoom_whenUserStatusIsNotActive_throwUnavailableHostStatusException@RoomCommandServiceTest.AttendWaitingRoom, testException = [null], mergedContextConfiguration = [WebMergedContextConfiguration@3dcf26b5 testClass = RoomCommandServiceTest.AttendWaitingRoom, locations = '{}', classes = '{class quest.prography.lh.LhApplication}', contextInitializerClasses = '[]', activeProfiles = '{}', propertySourceLocations = '{}', propertySourceProperties = '{org.springframework.boot.test.context.SpringBootTestContextBootstrapper=true}', contextCustomizers = set[org.springframework.boot.test.autoconfigure.actuate.metrics.MetricsExportContextCustomizerFactory$DisableMetricExportContextCustomizer@42b02722, org.springframework.boot.test.autoconfigure.properties.PropertyMappingContextCustomizer@0, org.springframework.boot.test.autoconfigure.web.servlet.WebDriverContextCustomizerFactory$Customizer@2f16c6b3, org.springframework.boot.test.context.filter.ExcludeFilterContextCustomizer@53941c2f, org.springframework.boot.test.json.DuplicateJsonObjectContextCustomizerFactory$DuplicateJsonObjectContextCustomizer@2766ca9d, org.springframework.boot.test.mock.mockito.MockitoContextCustomizer@0, org.springframework.boot.test.web.client.TestRestTemplateContextCustomizer@10cf09e8, org.springframework.boot.test.context.SpringBootTestArgs@1, org.springframework.boot.test.context.SpringBootTestWebEnvironment@5f683daf], resourceBasePath = 'src/main/webapp', contextLoader = 'org.springframework.boot.test.context.SpringBootContextLoader', parent = [null]], attributes = map['org.springframework.test.context.web.ServletTestExecutionListener.activateListener' -> true, 'org.springframework.test.context.web.ServletTestExecutionListener.populatedRequestContextHolder' -> true, 'org.springframework.test.context.web.ServletTestExecutionListener.resetRequestContextHolder' -> true, 'org.springframework.test.context.event.ApplicationEventsTestExecutionListener.recordApplicationEvents' -> false]]; transaction manager [org.springframework.orm.jpa.JpaTransactionManager@475fb7]; rollback [true]
Hibernate: insert into user (id, created_at, updated_at, pattern, regex, email, faker_id, name, status) values (default, ?, ?, ?, ?, ?, ?, ?, ?)
Hibernate: insert into room (id, created_at, updated_at, host_id, room_type, status, title) values (default, ?, ?, ?, ?, ?, ?)
2024-02-20 23:07:47.690  INFO 11474 --- [    Test worker] o.s.t.c.transaction.TransactionContext   : Rolled back transaction for test: [DefaultTestContext@1c2503d2 testClass = RoomCommandServiceTest.AttendWaitingRoom, testInstance = quest.prography.lh.room.service.RoomCommandServiceTest$AttendWaitingRoom@2a6dfbb2, testMethod = attendWaitingRoom_whenUserStatusIsNotActive_throwUnavailableHostStatusException@RoomCommandServiceTest.AttendWaitingRoom, testException = [null], mergedContextConfiguration = [WebMergedContextConfiguration@3dcf26b5 testClass = RoomCommandServiceTest.AttendWaitingRoom, locations = '{}', classes = '{class quest.prography.lh.LhApplication}', contextInitializerClasses = '[]', activeProfiles = '{}', propertySourceLocations = '{}', propertySourceProperties = '{org.springframework.boot.test.context.SpringBootTestContextBootstrapper=true}', contextCustomizers = set[org.springframework.boot.test.autoconfigure.actuate.metrics.MetricsExportContextCustomizerFactory$DisableMetricExportContextCustomizer@42b02722, org.springframework.boot.test.autoconfigure.properties.PropertyMappingContextCustomizer@0, org.springframework.boot.test.autoconfigure.web.servlet.WebDriverContextCustomizerFactory$Customizer@2f16c6b3, org.springframework.boot.test.context.filter.ExcludeFilterContextCustomizer@53941c2f, org.springframework.boot.test.json.DuplicateJsonObjectContextCustomizerFactory$DuplicateJsonObjectContextCustomizer@2766ca9d, org.springframework.boot.test.mock.mockito.MockitoContextCustomizer@0, org.springframework.boot.test.web.client.TestRestTemplateContextCustomizer@10cf09e8, org.springframework.boot.test.context.SpringBootTestArgs@1, org.springframework.boot.test.context.SpringBootTestWebEnvironment@5f683daf], resourceBasePath = 'src/main/webapp', contextLoader = 'org.springframework.boot.test.context.SpringBootContextLoader', parent = [null]], attributes = map['org.springframework.test.context.web.ServletTestExecutionListener.activateListener' -> true, 'org.springframework.test.context.web.ServletTestExecutionListener.populatedRequestContextHolder' -> true, 'org.springframework.test.context.web.ServletTestExecutionListener.resetRequestContextHolder' -> true, 'org.springframework.test.context.event.ApplicationEventsTestExecutionListener.recordApplicationEvents' -> false]]
2024-02-20 23:07:47.693  INFO 11474 --- [    Test worker] o.s.t.c.transaction.TransactionContext   : Began transaction (1) for test context [DefaultTestContext@1c2503d2 testClass = RoomCommandServiceTest.AttendWaitingRoom, testInstance = quest.prography.lh.room.service.RoomCommandServiceTest$AttendWaitingRoom@1427827f, testMethod = attendWaitingRoom_whenRoomIsFull_throwUnavailableRoomStatusException@RoomCommandServiceTest.AttendWaitingRoom, testException = [null], mergedContextConfiguration = [WebMergedContextConfiguration@3dcf26b5 testClass = RoomCommandServiceTest.AttendWaitingRoom, locations = '{}', classes = '{class quest.prography.lh.LhApplication}', contextInitializerClasses = '[]', activeProfiles = '{}', propertySourceLocations = '{}', propertySourceProperties = '{org.springframework.boot.test.context.SpringBootTestContextBootstrapper=true}', contextCustomizers = set[org.springframework.boot.test.autoconfigure.actuate.metrics.MetricsExportContextCustomizerFactory$DisableMetricExportContextCustomizer@42b02722, org.springframework.boot.test.autoconfigure.properties.PropertyMappingContextCustomizer@0, org.springframework.boot.test.autoconfigure.web.servlet.WebDriverContextCustomizerFactory$Customizer@2f16c6b3, org.springframework.boot.test.context.filter.ExcludeFilterContextCustomizer@53941c2f, org.springframework.boot.test.json.DuplicateJsonObjectContextCustomizerFactory$DuplicateJsonObjectContextCustomizer@2766ca9d, org.springframework.boot.test.mock.mockito.MockitoContextCustomizer@0, org.springframework.boot.test.web.client.TestRestTemplateContextCustomizer@10cf09e8, org.springframework.boot.test.context.SpringBootTestArgs@1, org.springframework.boot.test.context.SpringBootTestWebEnvironment@5f683daf], resourceBasePath = 'src/main/webapp', contextLoader = 'org.springframework.boot.test.context.SpringBootContextLoader', parent = [null]], attributes = map['org.springframework.test.context.web.ServletTestExecutionListener.activateListener' -> true, 'org.springframework.test.context.web.ServletTestExecutionListener.populatedRequestContextHolder' -> true, 'org.springframework.test.context.web.ServletTestExecutionListener.resetRequestContextHolder' -> true, 'org.springframework.test.context.event.ApplicationEventsTestExecutionListener.recordApplicationEvents' -> false]]; transaction manager [org.springframework.orm.jpa.JpaTransactionManager@475fb7]; rollback [true]
Hibernate: insert into user (id, created_at, updated_at, pattern, regex, email, faker_id, name, status) values (default, ?, ?, ?, ?, ?, ?, ?, ?)
Hibernate: insert into user (id, created_at, updated_at, pattern, regex, email, faker_id, name, status) values (default, ?, ?, ?, ?, ?, ?, ?, ?)
Hibernate: insert into room (id, created_at, updated_at, host_id, room_type, status, title) values (default, ?, ?, ?, ?, ?, ?)
Hibernate: insert into player (id, room_id, team, user_id) values (default, ?, ?, ?)
Hibernate: insert into player (id, room_id, team, user_id) values (default, ?, ?, ?)
Hibernate: insert into user (id, created_at, updated_at, pattern, regex, email, faker_id, name, status) values (default, ?, ?, ?, ?, ?, ?, ?, ?)
Hibernate: select player0_.id as id1_0_, player0_.room_id as room_id2_0_, player0_.team as team3_0_, player0_.user_id as user_id4_0_ from player player0_ where player0_.user_id=?
Hibernate: select player0_.id as id1_0_, player0_.room_id as room_id2_0_, player0_.team as team3_0_, player0_.user_id as user_id4_0_ from player player0_ where player0_.room_id=?
2024-02-20 23:07:47.721  INFO 11474 --- [    Test worker] o.s.t.c.transaction.TransactionContext   : Rolled back transaction for test: [DefaultTestContext@1c2503d2 testClass = RoomCommandServiceTest.AttendWaitingRoom, testInstance = quest.prography.lh.room.service.RoomCommandServiceTest$AttendWaitingRoom@1427827f, testMethod = attendWaitingRoom_whenRoomIsFull_throwUnavailableRoomStatusException@RoomCommandServiceTest.AttendWaitingRoom, testException = [null], mergedContextConfiguration = [WebMergedContextConfiguration@3dcf26b5 testClass = RoomCommandServiceTest.AttendWaitingRoom, locations = '{}', classes = '{class quest.prography.lh.LhApplication}', contextInitializerClasses = '[]', activeProfiles = '{}', propertySourceLocations = '{}', propertySourceProperties = '{org.springframework.boot.test.context.SpringBootTestContextBootstrapper=true}', contextCustomizers = set[org.springframework.boot.test.autoconfigure.actuate.metrics.MetricsExportContextCustomizerFactory$DisableMetricExportContextCustomizer@42b02722, org.springframework.boot.test.autoconfigure.properties.PropertyMappingContextCustomizer@0, org.springframework.boot.test.autoconfigure.web.servlet.WebDriverContextCustomizerFactory$Customizer@2f16c6b3, org.springframework.boot.test.context.filter.ExcludeFilterContextCustomizer@53941c2f, org.springframework.boot.test.json.DuplicateJsonObjectContextCustomizerFactory$DuplicateJsonObjectContextCustomizer@2766ca9d, org.springframework.boot.test.mock.mockito.MockitoContextCustomizer@0, org.springframework.boot.test.web.client.TestRestTemplateContextCustomizer@10cf09e8, org.springframework.boot.test.context.SpringBootTestArgs@1, org.springframework.boot.test.context.SpringBootTestWebEnvironment@5f683daf], resourceBasePath = 'src/main/webapp', contextLoader = 'org.springframework.boot.test.context.SpringBootContextLoader', parent = [null]], attributes = map['org.springframework.test.context.web.ServletTestExecutionListener.activateListener' -> true, 'org.springframework.test.context.web.ServletTestExecutionListener.populatedRequestContextHolder' -> true, 'org.springframework.test.context.web.ServletTestExecutionListener.resetRequestContextHolder' -> true, 'org.springframework.test.context.event.ApplicationEventsTestExecutionListener.recordApplicationEvents' -> false]]
2024-02-20 23:07:47.722  INFO 11474 --- [    Test worker] o.s.t.c.transaction.TransactionContext   : Began transaction (1) for test context [DefaultTestContext@1c2503d2 testClass = RoomCommandServiceTest.AttendWaitingRoom, testInstance = quest.prography.lh.room.service.RoomCommandServiceTest$AttendWaitingRoom@32787dee, testMethod = attendWaitingRoom_whenUserNotFound_throw@RoomCommandServiceTest.AttendWaitingRoom, testException = [null], mergedContextConfiguration = [WebMergedContextConfiguration@3dcf26b5 testClass = RoomCommandServiceTest.AttendWaitingRoom, locations = '{}', classes = '{class quest.prography.lh.LhApplication}', contextInitializerClasses = '[]', activeProfiles = '{}', propertySourceLocations = '{}', propertySourceProperties = '{org.springframework.boot.test.context.SpringBootTestContextBootstrapper=true}', contextCustomizers = set[org.springframework.boot.test.autoconfigure.actuate.metrics.MetricsExportContextCustomizerFactory$DisableMetricExportContextCustomizer@42b02722, org.springframework.boot.test.autoconfigure.properties.PropertyMappingContextCustomizer@0, org.springframework.boot.test.autoconfigure.web.servlet.WebDriverContextCustomizerFactory$Customizer@2f16c6b3, org.springframework.boot.test.context.filter.ExcludeFilterContextCustomizer@53941c2f, org.springframework.boot.test.json.DuplicateJsonObjectContextCustomizerFactory$DuplicateJsonObjectContextCustomizer@2766ca9d, org.springframework.boot.test.mock.mockito.MockitoContextCustomizer@0, org.springframework.boot.test.web.client.TestRestTemplateContextCustomizer@10cf09e8, org.springframework.boot.test.context.SpringBootTestArgs@1, org.springframework.boot.test.context.SpringBootTestWebEnvironment@5f683daf], resourceBasePath = 'src/main/webapp', contextLoader = 'org.springframework.boot.test.context.SpringBootContextLoader', parent = [null]], attributes = map['org.springframework.test.context.web.ServletTestExecutionListener.activateListener' -> true, 'org.springframework.test.context.web.ServletTestExecutionListener.populatedRequestContextHolder' -> true, 'org.springframework.test.context.web.ServletTestExecutionListener.resetRequestContextHolder' -> true, 'org.springframework.test.context.event.ApplicationEventsTestExecutionListener.recordApplicationEvents' -> false]]; transaction manager [org.springframework.orm.jpa.JpaTransactionManager@475fb7]; rollback [true]
Hibernate: insert into user (id, created_at, updated_at, pattern, regex, email, faker_id, name, status) values (default, ?, ?, ?, ?, ?, ?, ?, ?)
Hibernate: insert into room (id, created_at, updated_at, host_id, room_type, status, title) values (default, ?, ?, ?, ?, ?, ?)
Hibernate: select user0_.id as id1_2_0_, user0_.created_at as created_2_2_0_, user0_.updated_at as updated_3_2_0_, user0_.pattern as pattern4_2_0_, user0_.regex as regex5_2_0_, user0_.email as email6_2_0_, user0_.faker_id as faker_id7_2_0_, user0_.name as name8_2_0_, user0_.status as status9_2_0_ from user user0_ where user0_.id=?
2024-02-20 23:07:47.733  INFO 11474 --- [    Test worker] o.s.t.c.transaction.TransactionContext   : Rolled back transaction for test: [DefaultTestContext@1c2503d2 testClass = RoomCommandServiceTest.AttendWaitingRoom, testInstance = quest.prography.lh.room.service.RoomCommandServiceTest$AttendWaitingRoom@32787dee, testMethod = attendWaitingRoom_whenUserNotFound_throw@RoomCommandServiceTest.AttendWaitingRoom, testException = [null], mergedContextConfiguration = [WebMergedContextConfiguration@3dcf26b5 testClass = RoomCommandServiceTest.AttendWaitingRoom, locations = '{}', classes = '{class quest.prography.lh.LhApplication}', contextInitializerClasses = '[]', activeProfiles = '{}', propertySourceLocations = '{}', propertySourceProperties = '{org.springframework.boot.test.context.SpringBootTestContextBootstrapper=true}', contextCustomizers = set[org.springframework.boot.test.autoconfigure.actuate.metrics.MetricsExportContextCustomizerFactory$DisableMetricExportContextCustomizer@42b02722, org.springframework.boot.test.autoconfigure.properties.PropertyMappingContextCustomizer@0, org.springframework.boot.test.autoconfigure.web.servlet.WebDriverContextCustomizerFactory$Customizer@2f16c6b3, org.springframework.boot.test.context.filter.ExcludeFilterContextCustomizer@53941c2f, org.springframework.boot.test.json.DuplicateJsonObjectContextCustomizerFactory$DuplicateJsonObjectContextCustomizer@2766ca9d, org.springframework.boot.test.mock.mockito.MockitoContextCustomizer@0, org.springframework.boot.test.web.client.TestRestTemplateContextCustomizer@10cf09e8, org.springframework.boot.test.context.SpringBootTestArgs@1, org.springframework.boot.test.context.SpringBootTestWebEnvironment@5f683daf], resourceBasePath = 'src/main/webapp', contextLoader = 'org.springframework.boot.test.context.SpringBootContextLoader', parent = [null]], attributes = map['org.springframework.test.context.web.ServletTestExecutionListener.activateListener' -> true, 'org.springframework.test.context.web.ServletTestExecutionListener.populatedRequestContextHolder' -> true, 'org.springframework.test.context.web.ServletTestExecutionListener.resetRequestContextHolder' -> true, 'org.springframework.test.context.event.ApplicationEventsTestExecutionListener.recordApplicationEvents' -> false]]
2024-02-20 23:07:47.737  INFO 11474 --- [    Test worker] o.s.t.c.transaction.TransactionContext   : Began transaction (1) for test context [DefaultTestContext@1c2503d2 testClass = RoomCommandServiceTest.AttendWaitingRoom, testInstance = quest.prography.lh.room.service.RoomCommandServiceTest$AttendWaitingRoom@620ba19c, testMethod = attendWaitingRoom_whenRoomIsNotWaiting_throwUnavailableRoomStatusException@RoomCommandServiceTest.AttendWaitingRoom, testException = [null], mergedContextConfiguration = [WebMergedContextConfiguration@3dcf26b5 testClass = RoomCommandServiceTest.AttendWaitingRoom, locations = '{}', classes = '{class quest.prography.lh.LhApplication}', contextInitializerClasses = '[]', activeProfiles = '{}', propertySourceLocations = '{}', propertySourceProperties = '{org.springframework.boot.test.context.SpringBootTestContextBootstrapper=true}', contextCustomizers = set[org.springframework.boot.test.autoconfigure.actuate.metrics.MetricsExportContextCustomizerFactory$DisableMetricExportContextCustomizer@42b02722, org.springframework.boot.test.autoconfigure.properties.PropertyMappingContextCustomizer@0, org.springframework.boot.test.autoconfigure.web.servlet.WebDriverContextCustomizerFactory$Customizer@2f16c6b3, org.springframework.boot.test.context.filter.ExcludeFilterContextCustomizer@53941c2f, org.springframework.boot.test.json.DuplicateJsonObjectContextCustomizerFactory$DuplicateJsonObjectContextCustomizer@2766ca9d, org.springframework.boot.test.mock.mockito.MockitoContextCustomizer@0, org.springframework.boot.test.web.client.TestRestTemplateContextCustomizer@10cf09e8, org.springframework.boot.test.context.SpringBootTestArgs@1, org.springframework.boot.test.context.SpringBootTestWebEnvironment@5f683daf], resourceBasePath = 'src/main/webapp', contextLoader = 'org.springframework.boot.test.context.SpringBootContextLoader', parent = [null]], attributes = map['org.springframework.test.context.web.ServletTestExecutionListener.activateListener' -> true, 'org.springframework.test.context.web.ServletTestExecutionListener.populatedRequestContextHolder' -> true, 'org.springframework.test.context.web.ServletTestExecutionListener.resetRequestContextHolder' -> true, 'org.springframework.test.context.event.ApplicationEventsTestExecutionListener.recordApplicationEvents' -> false]]; transaction manager [org.springframework.orm.jpa.JpaTransactionManager@475fb7]; rollback [true]
Hibernate: insert into user (id, created_at, updated_at, pattern, regex, email, faker_id, name, status) values (default, ?, ?, ?, ?, ?, ?, ?, ?)
Hibernate: insert into room (id, created_at, updated_at, host_id, room_type, status, title) values (default, ?, ?, ?, ?, ?, ?)
2024-02-20 23:07:47.754  INFO 11474 --- [    Test worker] o.s.t.c.transaction.TransactionContext   : Rolled back transaction for test: [DefaultTestContext@1c2503d2 testClass = RoomCommandServiceTest.AttendWaitingRoom, testInstance = quest.prography.lh.room.service.RoomCommandServiceTest$AttendWaitingRoom@620ba19c, testMethod = attendWaitingRoom_whenRoomIsNotWaiting_throwUnavailableRoomStatusException@RoomCommandServiceTest.AttendWaitingRoom, testException = [null], mergedContextConfiguration = [WebMergedContextConfiguration@3dcf26b5 testClass = RoomCommandServiceTest.AttendWaitingRoom, locations = '{}', classes = '{class quest.prography.lh.LhApplication}', contextInitializerClasses = '[]', activeProfiles = '{}', propertySourceLocations = '{}', propertySourceProperties = '{org.springframework.boot.test.context.SpringBootTestContextBootstrapper=true}', contextCustomizers = set[org.springframework.boot.test.autoconfigure.actuate.metrics.MetricsExportContextCustomizerFactory$DisableMetricExportContextCustomizer@42b02722, org.springframework.boot.test.autoconfigure.properties.PropertyMappingContextCustomizer@0, org.springframework.boot.test.autoconfigure.web.servlet.WebDriverContextCustomizerFactory$Customizer@2f16c6b3, org.springframework.boot.test.context.filter.ExcludeFilterContextCustomizer@53941c2f, org.springframework.boot.test.json.DuplicateJsonObjectContextCustomizerFactory$DuplicateJsonObjectContextCustomizer@2766ca9d, org.springframework.boot.test.mock.mockito.MockitoContextCustomizer@0, org.springframework.boot.test.web.client.TestRestTemplateContextCustomizer@10cf09e8, org.springframework.boot.test.context.SpringBootTestArgs@1, org.springframework.boot.test.context.SpringBootTestWebEnvironment@5f683daf], resourceBasePath = 'src/main/webapp', contextLoader = 'org.springframework.boot.test.context.SpringBootContextLoader', parent = [null]], attributes = map['org.springframework.test.context.web.ServletTestExecutionListener.activateListener' -> true, 'org.springframework.test.context.web.ServletTestExecutionListener.populatedRequestContextHolder' -> true, 'org.springframework.test.context.web.ServletTestExecutionListener.resetRequestContextHolder' -> true, 'org.springframework.test.context.event.ApplicationEventsTestExecutionListener.recordApplicationEvents' -> false]]
2024-02-20 23:07:47.758  INFO 11474 --- [    Test worker] o.s.t.c.transaction.TransactionContext   : Began transaction (1) for test context [DefaultTestContext@1c2503d2 testClass = RoomCommandServiceTest.AttendWaitingRoom, testInstance = quest.prography.lh.room.service.RoomCommandServiceTest$AttendWaitingRoom@2d2c794d, testMethod = attendWaitingRoom_whenUserAlreadyAttended_throwUserAlreadyAttendedException@RoomCommandServiceTest.AttendWaitingRoom, testException = [null], mergedContextConfiguration = [WebMergedContextConfiguration@3dcf26b5 testClass = RoomCommandServiceTest.AttendWaitingRoom, locations = '{}', classes = '{class quest.prography.lh.LhApplication}', contextInitializerClasses = '[]', activeProfiles = '{}', propertySourceLocations = '{}', propertySourceProperties = '{org.springframework.boot.test.context.SpringBootTestContextBootstrapper=true}', contextCustomizers = set[org.springframework.boot.test.autoconfigure.actuate.metrics.MetricsExportContextCustomizerFactory$DisableMetricExportContextCustomizer@42b02722, org.springframework.boot.test.autoconfigure.properties.PropertyMappingContextCustomizer@0, org.springframework.boot.test.autoconfigure.web.servlet.WebDriverContextCustomizerFactory$Customizer@2f16c6b3, org.springframework.boot.test.context.filter.ExcludeFilterContextCustomizer@53941c2f, org.springframework.boot.test.json.DuplicateJsonObjectContextCustomizerFactory$DuplicateJsonObjectContextCustomizer@2766ca9d, org.springframework.boot.test.mock.mockito.MockitoContextCustomizer@0, org.springframework.boot.test.web.client.TestRestTemplateContextCustomizer@10cf09e8, org.springframework.boot.test.context.SpringBootTestArgs@1, org.springframework.boot.test.context.SpringBootTestWebEnvironment@5f683daf], resourceBasePath = 'src/main/webapp', contextLoader = 'org.springframework.boot.test.context.SpringBootContextLoader', parent = [null]], attributes = map['org.springframework.test.context.web.ServletTestExecutionListener.activateListener' -> true, 'org.springframework.test.context.web.ServletTestExecutionListener.populatedRequestContextHolder' -> true, 'org.springframework.test.context.web.ServletTestExecutionListener.resetRequestContextHolder' -> true, 'org.springframework.test.context.event.ApplicationEventsTestExecutionListener.recordApplicationEvents' -> false]]; transaction manager [org.springframework.orm.jpa.JpaTransactionManager@475fb7]; rollback [true]
Hibernate: insert into user (id, created_at, updated_at, pattern, regex, email, faker_id, name, status) values (default, ?, ?, ?, ?, ?, ?, ?, ?)
Hibernate: insert into room (id, created_at, updated_at, host_id, room_type, status, title) values (default, ?, ?, ?, ?, ?, ?)
Hibernate: insert into player (id, room_id, team, user_id) values (default, ?, ?, ?)
Hibernate: select player0_.id as id1_0_, player0_.room_id as room_id2_0_, player0_.team as team3_0_, player0_.user_id as user_id4_0_ from player player0_ where player0_.user_id=?
2024-02-20 23:07:47.774  INFO 11474 --- [    Test worker] o.s.t.c.transaction.TransactionContext   : Rolled back transaction for test: [DefaultTestContext@1c2503d2 testClass = RoomCommandServiceTest.AttendWaitingRoom, testInstance = quest.prography.lh.room.service.RoomCommandServiceTest$AttendWaitingRoom@2d2c794d, testMethod = attendWaitingRoom_whenUserAlreadyAttended_throwUserAlreadyAttendedException@RoomCommandServiceTest.AttendWaitingRoom, testException = [null], mergedContextConfiguration = [WebMergedContextConfiguration@3dcf26b5 testClass = RoomCommandServiceTest.AttendWaitingRoom, locations = '{}', classes = '{class quest.prography.lh.LhApplication}', contextInitializerClasses = '[]', activeProfiles = '{}', propertySourceLocations = '{}', propertySourceProperties = '{org.springframework.boot.test.context.SpringBootTestContextBootstrapper=true}', contextCustomizers = set[org.springframework.boot.test.autoconfigure.actuate.metrics.MetricsExportContextCustomizerFactory$DisableMetricExportContextCustomizer@42b02722, org.springframework.boot.test.autoconfigure.properties.PropertyMappingContextCustomizer@0, org.springframework.boot.test.autoconfigure.web.servlet.WebDriverContextCustomizerFactory$Customizer@2f16c6b3, org.springframework.boot.test.context.filter.ExcludeFilterContextCustomizer@53941c2f, org.springframework.boot.test.json.DuplicateJsonObjectContextCustomizerFactory$DuplicateJsonObjectContextCustomizer@2766ca9d, org.springframework.boot.test.mock.mockito.MockitoContextCustomizer@0, org.springframework.boot.test.web.client.TestRestTemplateContextCustomizer@10cf09e8, org.springframework.boot.test.context.SpringBootTestArgs@1, org.springframework.boot.test.context.SpringBootTestWebEnvironment@5f683daf], resourceBasePath = 'src/main/webapp', contextLoader = 'org.springframework.boot.test.context.SpringBootContextLoader', parent = [null]], attributes = map['org.springframework.test.context.web.ServletTestExecutionListener.activateListener' -> true, 'org.springframework.test.context.web.ServletTestExecutionListener.populatedRequestContextHolder' -> true, 'org.springframework.test.context.web.ServletTestExecutionListener.resetRequestContextHolder' -> true, 'org.springframework.test.context.event.ApplicationEventsTestExecutionListener.recordApplicationEvents' -> false]]
]]></system-out>
  <system-err><![CDATA[]]></system-err>
</testsuite>
