<?xml version="1.0" encoding="UTF-8"?>
<testsuite name="게임을 시작하려할 때," tests="4" skipped="0" failures="0" errors="0" timestamp="2024-02-20T14:07:47" hostname="ihoui-MacBookAir-12780.local" time="0.277">
  <properties/>
  <testcase name="사용자가 호스트가 아닌 경우, 예외를 반환합니다." classname="quest.prography.lh.game.service.GameCommandServiceTest$GameStart" time="0.165"/>
  <testcase name="방이 대기 상태가 아닌 경우, 예외를 반환합니다." classname="quest.prography.lh.game.service.GameCommandServiceTest$GameStart" time="0.005"/>
  <testcase name="방의 인원이 가득차지 않은 경우, 예외를 반환합니다." classname="quest.prography.lh.game.service.GameCommandServiceTest$GameStart" time="0.087"/>
  <testcase name="정상적인 경우, 진행중 상태로 변경됩니다." classname="quest.prography.lh.game.service.GameCommandServiceTest$GameStart" time="0.017"/>
  <system-out><![CDATA[23:07:44.305 [Test worker] DEBUG org.springframework.test.context.BootstrapUtils - Instantiating CacheAwareContextLoaderDelegate from class [org.springframework.test.context.cache.DefaultCacheAwareContextLoaderDelegate]
23:07:44.305 [Test worker] DEBUG org.springframework.test.context.BootstrapUtils - Instantiating BootstrapContext using constructor [public org.springframework.test.context.support.DefaultBootstrapContext(java.lang.Class,org.springframework.test.context.CacheAwareContextLoaderDelegate)]
23:07:44.307 [Test worker] DEBUG org.springframework.test.context.BootstrapUtils - Instantiating TestContextBootstrapper for test class [quest.prography.lh.game.service.GameCommandServiceTest$GameStart] from class [org.springframework.boot.test.context.SpringBootTestContextBootstrapper]
23:07:44.309 [Test worker] INFO org.springframework.boot.test.context.SpringBootTestContextBootstrapper - Neither @ContextConfiguration nor @ContextHierarchy found for test class [quest.prography.lh.game.service.GameCommandServiceTest$GameStart], using SpringBootContextLoader
23:07:44.310 [Test worker] DEBUG org.springframework.test.context.support.AbstractContextLoader - Did not detect default resource location for test class [quest.prography.lh.game.service.GameCommandServiceTest$GameStart]: class path resource [quest/prography/lh/game/service/GameCommandServiceTest$GameStart-context.xml] does not exist
23:07:44.310 [Test worker] DEBUG org.springframework.test.context.support.AbstractContextLoader - Did not detect default resource location for test class [quest.prography.lh.game.service.GameCommandServiceTest$GameStart]: class path resource [quest/prography/lh/game/service/GameCommandServiceTest$GameStartContext.groovy] does not exist
23:07:44.310 [Test worker] INFO org.springframework.test.context.support.AbstractContextLoader - Could not detect default resource locations for test class [quest.prography.lh.game.service.GameCommandServiceTest$GameStart]: no resource found for suffixes {-context.xml, Context.groovy}.
23:07:44.310 [Test worker] INFO org.springframework.test.context.support.AnnotationConfigContextLoaderUtils - Could not detect default configuration classes for test class [quest.prography.lh.game.service.GameCommandServiceTest$GameStart]: GameStart does not declare any static, non-private, non-final, nested classes annotated with @Configuration.
23:07:44.312 [Test worker] DEBUG org.springframework.test.context.support.ActiveProfilesUtils - Could not find an 'annotation declaring class' for annotation type [org.springframework.test.context.ActiveProfiles] and class [quest.prography.lh.game.service.GameCommandServiceTest$GameStart]
23:07:44.312 [Test worker] INFO org.springframework.boot.test.context.SpringBootTestContextBootstrapper - Found @SpringBootConfiguration quest.prography.lh.LhApplication for test class quest.prography.lh.game.service.GameCommandServiceTest$GameStart
23:07:44.316 [Test worker] DEBUG org.springframework.boot.test.context.SpringBootTestContextBootstrapper - @TestExecutionListeners is not present for class [quest.prography.lh.game.service.GameCommandServiceTest$GameStart]: using defaults.
23:07:44.316 [Test worker] INFO org.springframework.boot.test.context.SpringBootTestContextBootstrapper - Loaded default TestExecutionListener class names from location [META-INF/spring.factories]: [org.springframework.boot.test.autoconfigure.restdocs.RestDocsTestExecutionListener, org.springframework.boot.test.autoconfigure.web.client.MockRestServiceServerResetTestExecutionListener, org.springframework.boot.test.autoconfigure.web.servlet.MockMvcPrintOnlyOnFailureTestExecutionListener, org.springframework.boot.test.autoconfigure.web.servlet.WebDriverTestExecutionListener, org.springframework.boot.test.autoconfigure.webservices.client.MockWebServiceServerTestExecutionListener, org.springframework.boot.test.mock.mockito.MockitoTestExecutionListener, org.springframework.boot.test.mock.mockito.ResetMocksTestExecutionListener, org.springframework.test.context.web.ServletTestExecutionListener, org.springframework.test.context.support.DirtiesContextBeforeModesTestExecutionListener, org.springframework.test.context.event.ApplicationEventsTestExecutionListener, org.springframework.test.context.support.DependencyInjectionTestExecutionListener, org.springframework.test.context.support.DirtiesContextTestExecutionListener, org.springframework.test.context.transaction.TransactionalTestExecutionListener, org.springframework.test.context.jdbc.SqlScriptsTestExecutionListener, org.springframework.test.context.event.EventPublishingTestExecutionListener]
23:07:44.316 [Test worker] INFO org.springframework.boot.test.context.SpringBootTestContextBootstrapper - Using TestExecutionListeners: [org.springframework.test.context.web.ServletTestExecutionListener@18245eb0, org.springframework.test.context.support.DirtiesContextBeforeModesTestExecutionListener@7c7d3c46, org.springframework.test.context.event.ApplicationEventsTestExecutionListener@24fb6a80, org.springframework.boot.test.mock.mockito.MockitoTestExecutionListener@48c35007, org.springframework.boot.test.autoconfigure.SpringBootDependencyInjectionTestExecutionListener@72a85671, org.springframework.test.context.support.DirtiesContextTestExecutionListener@6722db6e, org.springframework.test.context.transaction.TransactionalTestExecutionListener@18f20260, org.springframework.test.context.jdbc.SqlScriptsTestExecutionListener@4ae33a11, org.springframework.test.context.event.EventPublishingTestExecutionListener@7a48e6e2, org.springframework.boot.test.autoconfigure.restdocs.RestDocsTestExecutionListener@b40bb6e, org.springframework.boot.test.autoconfigure.web.client.MockRestServiceServerResetTestExecutionListener@3a94964, org.springframework.boot.test.autoconfigure.web.servlet.MockMvcPrintOnlyOnFailureTestExecutionListener@5049d8b2, org.springframework.boot.test.autoconfigure.web.servlet.WebDriverTestExecutionListener@6d0b5baf, org.springframework.boot.test.autoconfigure.webservices.client.MockWebServiceServerTestExecutionListener@631e06ab, org.springframework.boot.test.mock.mockito.ResetMocksTestExecutionListener@2a3591c5]
23:07:44.317 [Test worker] DEBUG org.springframework.test.context.support.AbstractDirtiesContextTestExecutionListener - Before test class: context [DefaultTestContext@34a75079 testClass = GameCommandServiceTest.GameStart, testInstance = [null], testMethod = [null], testException = [null], mergedContextConfiguration = [WebMergedContextConfiguration@346a361 testClass = GameCommandServiceTest.GameStart, locations = '{}', classes = '{class quest.prography.lh.LhApplication}', contextInitializerClasses = '[]', activeProfiles = '{}', propertySourceLocations = '{}', propertySourceProperties = '{org.springframework.boot.test.context.SpringBootTestContextBootstrapper=true}', contextCustomizers = set[org.springframework.boot.test.autoconfigure.actuate.metrics.MetricsExportContextCustomizerFactory$DisableMetricExportContextCustomizer@42b02722, org.springframework.boot.test.autoconfigure.properties.PropertyMappingContextCustomizer@0, org.springframework.boot.test.autoconfigure.web.servlet.WebDriverContextCustomizerFactory$Customizer@2f16c6b3, org.springframework.boot.test.context.filter.ExcludeFilterContextCustomizer@53941c2f, org.springframework.boot.test.json.DuplicateJsonObjectContextCustomizerFactory$DuplicateJsonObjectContextCustomizer@2766ca9d, org.springframework.boot.test.mock.mockito.MockitoContextCustomizer@0, org.springframework.boot.test.web.client.TestRestTemplateContextCustomizer@10cf09e8, org.springframework.boot.test.context.SpringBootTestArgs@1, org.springframework.boot.test.context.SpringBootTestWebEnvironment@5f683daf], resourceBasePath = 'src/main/webapp', contextLoader = 'org.springframework.boot.test.context.SpringBootContextLoader', parent = [null]], attributes = map['org.springframework.test.context.web.ServletTestExecutionListener.activateListener' -> true]], class annotated with @DirtiesContext [false] with mode [null].

  .   ____          _            __ _ _
 /\\ / ___'_ __ _ _(_)_ __  __ _ \ \ \ \
( ( )\___ | '_ | '_| | '_ \/ _` | \ \ \ \
 \\/  ___)| |_)| | | | | || (_| |  ) ) ) )
  '  |____| .__|_| |_|_| |_\__, | / / / /
 =========|_|==============|___/=/_/_/_/
 :: Spring Boot ::               (v2.6.11)

2024-02-20 23:07:44.607  INFO 11474 --- [    Test worker] q.p.l.g.service.GameCommandServiceTest   : Starting GameCommandServiceTest using Java 17.0.2 on ihoui-MacBookAir-12780.local with PID 11474 (started by leeho in /Users/leeho/Downloads/9th-spring-quest-group1-main)
2024-02-20 23:07:44.610  INFO 11474 --- [    Test worker] q.p.l.g.service.GameCommandServiceTest   : No active profile set, falling back to 1 default profile: "default"
2024-02-20 23:07:45.105  INFO 11474 --- [    Test worker] .s.d.r.c.RepositoryConfigurationDelegate : Bootstrapping Spring Data JPA repositories in DEFAULT mode.
2024-02-20 23:07:45.138  INFO 11474 --- [    Test worker] .s.d.r.c.RepositoryConfigurationDelegate : Finished Spring Data repository scanning in 30 ms. Found 3 JPA repository interfaces.
2024-02-20 23:07:45.237  INFO 11474 --- [    Test worker] o.s.cloud.context.scope.GenericScope     : BeanFactory id=e62794e0-215e-3f18-ad97-cea68ac259c0
2024-02-20 23:07:45.464  INFO 11474 --- [    Test worker] com.zaxxer.hikari.HikariDataSource       : HikariPool-1 - Starting...
2024-02-20 23:07:45.544  INFO 11474 --- [    Test worker] com.zaxxer.hikari.HikariDataSource       : HikariPool-1 - Start completed.
2024-02-20 23:07:45.578  INFO 11474 --- [    Test worker] o.hibernate.jpa.internal.util.LogHelper  : HHH000204: Processing PersistenceUnitInfo [name: default]
2024-02-20 23:07:45.603  INFO 11474 --- [    Test worker] org.hibernate.Version                    : HHH000412: Hibernate ORM core version 5.6.10.Final
2024-02-20 23:07:45.719  INFO 11474 --- [    Test worker] o.hibernate.annotations.common.Version   : HCANN000001: Hibernate Commons Annotations {5.1.2.Final}
2024-02-20 23:07:45.781  INFO 11474 --- [    Test worker] org.hibernate.dialect.Dialect            : HHH000400: Using dialect: org.hibernate.dialect.H2Dialect
Hibernate: drop table if exists player CASCADE 
Hibernate: drop table if exists room CASCADE 
Hibernate: drop table if exists user CASCADE 
Hibernate: create table player (id bigint generated by default as identity, room_id bigint not null, team varchar(255) not null, user_id bigint not null, primary key (id))
Hibernate: create table room (id bigint generated by default as identity, created_at timestamp, updated_at timestamp, host_id bigint not null, room_type varchar(255) not null, status varchar(255) not null, title varchar(255) not null, primary key (id))
Hibernate: create table user (id bigint generated by default as identity, created_at timestamp, updated_at timestamp, pattern binary(255), regex varchar(255), email varchar(255), faker_id bigint not null, name varchar(255) not null, status varchar(255), primary key (id))
2024-02-20 23:07:46.133  INFO 11474 --- [    Test worker] o.h.e.t.j.p.i.JtaPlatformInitiator       : HHH000490: Using JtaPlatform implementation: [org.hibernate.engine.transaction.jta.platform.internal.NoJtaPlatform]
2024-02-20 23:07:46.138  INFO 11474 --- [    Test worker] j.LocalContainerEntityManagerFactoryBean : Initialized JPA EntityManagerFactory for persistence unit 'default'
2024-02-20 23:07:46.423  WARN 11474 --- [    Test worker] JpaBaseConfiguration$JpaWebConfiguration : spring.jpa.open-in-view is enabled by default. Therefore, database queries may be performed during view rendering. Explicitly configure spring.jpa.open-in-view to disable this warning
2024-02-20 23:07:46.856  INFO 11474 --- [    Test worker] pertySourcedRequestMappingHandlerMapping : Mapped URL path [/v2/api-docs] onto method [springfox.documentation.swagger2.web.Swagger2Controller#getDocumentation(String, HttpServletRequest)]
2024-02-20 23:07:47.049  INFO 11474 --- [    Test worker] d.s.w.p.DocumentationPluginsBootstrapper : Context refreshed
2024-02-20 23:07:47.057  INFO 11474 --- [    Test worker] d.s.w.p.DocumentationPluginsBootstrapper : Found 1 custom documentation plugin(s)
2024-02-20 23:07:47.070  INFO 11474 --- [    Test worker] s.d.s.w.s.ApiListingReferenceScanner     : Scanning for api listing references
2024-02-20 23:07:47.196  INFO 11474 --- [    Test worker] .d.s.w.r.o.CachingOperationNameGenerator : Generating unique operation named: findAllUsingGET_1
2024-02-20 23:07:47.210  INFO 11474 --- [    Test worker] q.p.l.g.service.GameCommandServiceTest   : Started GameCommandServiceTest in 2.857 seconds (JVM running for 3.525)
2024-02-20 23:07:47.227  INFO 11474 --- [    Test worker] o.s.t.c.transaction.TransactionContext   : Began transaction (1) for test context [DefaultTestContext@34a75079 testClass = GameCommandServiceTest.GameStart, testInstance = quest.prography.lh.game.service.GameCommandServiceTest$GameStart@25d6ae3, testMethod = gameStart_whenUserIsNotHost_throwPermissionDeniedException@GameCommandServiceTest.GameStart, testException = [null], mergedContextConfiguration = [WebMergedContextConfiguration@346a361 testClass = GameCommandServiceTest.GameStart, locations = '{}', classes = '{class quest.prography.lh.LhApplication}', contextInitializerClasses = '[]', activeProfiles = '{}', propertySourceLocations = '{}', propertySourceProperties = '{org.springframework.boot.test.context.SpringBootTestContextBootstrapper=true}', contextCustomizers = set[org.springframework.boot.test.autoconfigure.actuate.metrics.MetricsExportContextCustomizerFactory$DisableMetricExportContextCustomizer@42b02722, org.springframework.boot.test.autoconfigure.properties.PropertyMappingContextCustomizer@0, org.springframework.boot.test.autoconfigure.web.servlet.WebDriverContextCustomizerFactory$Customizer@2f16c6b3, org.springframework.boot.test.context.filter.ExcludeFilterContextCustomizer@53941c2f, org.springframework.boot.test.json.DuplicateJsonObjectContextCustomizerFactory$DuplicateJsonObjectContextCustomizer@2766ca9d, org.springframework.boot.test.mock.mockito.MockitoContextCustomizer@0, org.springframework.boot.test.web.client.TestRestTemplateContextCustomizer@10cf09e8, org.springframework.boot.test.context.SpringBootTestArgs@1, org.springframework.boot.test.context.SpringBootTestWebEnvironment@5f683daf], resourceBasePath = 'src/main/webapp', contextLoader = 'org.springframework.boot.test.context.SpringBootContextLoader', parent = [null]], attributes = map['org.springframework.test.context.web.ServletTestExecutionListener.activateListener' -> true, 'org.springframework.test.context.web.ServletTestExecutionListener.populatedRequestContextHolder' -> true, 'org.springframework.test.context.web.ServletTestExecutionListener.resetRequestContextHolder' -> true, 'org.springframework.test.context.event.ApplicationEventsTestExecutionListener.recordApplicationEvents' -> false]]; transaction manager [org.springframework.orm.jpa.JpaTransactionManager@475fb7]; rollback [true]
Hibernate: insert into user (id, created_at, updated_at, pattern, regex, email, faker_id, name, status) values (default, ?, ?, ?, ?, ?, ?, ?, ?)
Hibernate: insert into user (id, created_at, updated_at, pattern, regex, email, faker_id, name, status) values (default, ?, ?, ?, ?, ?, ?, ?, ?)
Hibernate: insert into room (id, created_at, updated_at, host_id, room_type, status, title) values (default, ?, ?, ?, ?, ?, ?)
Hibernate: insert into player (id, room_id, team, user_id) values (default, ?, ?, ?)
Hibernate: insert into player (id, room_id, team, user_id) values (default, ?, ?, ?)
2024-02-20 23:07:47.386  INFO 11474 --- [    Test worker] o.s.t.c.transaction.TransactionContext   : Rolled back transaction for test: [DefaultTestContext@34a75079 testClass = GameCommandServiceTest.GameStart, testInstance = quest.prography.lh.game.service.GameCommandServiceTest$GameStart@25d6ae3, testMethod = gameStart_whenUserIsNotHost_throwPermissionDeniedException@GameCommandServiceTest.GameStart, testException = [null], mergedContextConfiguration = [WebMergedContextConfiguration@346a361 testClass = GameCommandServiceTest.GameStart, locations = '{}', classes = '{class quest.prography.lh.LhApplication}', contextInitializerClasses = '[]', activeProfiles = '{}', propertySourceLocations = '{}', propertySourceProperties = '{org.springframework.boot.test.context.SpringBootTestContextBootstrapper=true}', contextCustomizers = set[org.springframework.boot.test.autoconfigure.actuate.metrics.MetricsExportContextCustomizerFactory$DisableMetricExportContextCustomizer@42b02722, org.springframework.boot.test.autoconfigure.properties.PropertyMappingContextCustomizer@0, org.springframework.boot.test.autoconfigure.web.servlet.WebDriverContextCustomizerFactory$Customizer@2f16c6b3, org.springframework.boot.test.context.filter.ExcludeFilterContextCustomizer@53941c2f, org.springframework.boot.test.json.DuplicateJsonObjectContextCustomizerFactory$DuplicateJsonObjectContextCustomizer@2766ca9d, org.springframework.boot.test.mock.mockito.MockitoContextCustomizer@0, org.springframework.boot.test.web.client.TestRestTemplateContextCustomizer@10cf09e8, org.springframework.boot.test.context.SpringBootTestArgs@1, org.springframework.boot.test.context.SpringBootTestWebEnvironment@5f683daf], resourceBasePath = 'src/main/webapp', contextLoader = 'org.springframework.boot.test.context.SpringBootContextLoader', parent = [null]], attributes = map['org.springframework.test.context.web.ServletTestExecutionListener.activateListener' -> true, 'org.springframework.test.context.web.ServletTestExecutionListener.populatedRequestContextHolder' -> true, 'org.springframework.test.context.web.ServletTestExecutionListener.resetRequestContextHolder' -> true, 'org.springframework.test.context.event.ApplicationEventsTestExecutionListener.recordApplicationEvents' -> false]]
2024-02-20 23:07:47.390  INFO 11474 --- [    Test worker] o.s.t.c.transaction.TransactionContext   : Began transaction (1) for test context [DefaultTestContext@34a75079 testClass = GameCommandServiceTest.GameStart, testInstance = quest.prography.lh.game.service.GameCommandServiceTest$GameStart@1b9785aa, testMethod = gameStart_whenRoomIsNotWait_throwPermissionDeniedException@GameCommandServiceTest.GameStart, testException = [null], mergedContextConfiguration = [WebMergedContextConfiguration@346a361 testClass = GameCommandServiceTest.GameStart, locations = '{}', classes = '{class quest.prography.lh.LhApplication}', contextInitializerClasses = '[]', activeProfiles = '{}', propertySourceLocations = '{}', propertySourceProperties = '{org.springframework.boot.test.context.SpringBootTestContextBootstrapper=true}', contextCustomizers = set[org.springframework.boot.test.autoconfigure.actuate.metrics.MetricsExportContextCustomizerFactory$DisableMetricExportContextCustomizer@42b02722, org.springframework.boot.test.autoconfigure.properties.PropertyMappingContextCustomizer@0, org.springframework.boot.test.autoconfigure.web.servlet.WebDriverContextCustomizerFactory$Customizer@2f16c6b3, org.springframework.boot.test.context.filter.ExcludeFilterContextCustomizer@53941c2f, org.springframework.boot.test.json.DuplicateJsonObjectContextCustomizerFactory$DuplicateJsonObjectContextCustomizer@2766ca9d, org.springframework.boot.test.mock.mockito.MockitoContextCustomizer@0, org.springframework.boot.test.web.client.TestRestTemplateContextCustomizer@10cf09e8, org.springframework.boot.test.context.SpringBootTestArgs@1, org.springframework.boot.test.context.SpringBootTestWebEnvironment@5f683daf], resourceBasePath = 'src/main/webapp', contextLoader = 'org.springframework.boot.test.context.SpringBootContextLoader', parent = [null]], attributes = map['org.springframework.test.context.web.ServletTestExecutionListener.activateListener' -> true, 'org.springframework.test.context.web.ServletTestExecutionListener.populatedRequestContextHolder' -> true, 'org.springframework.test.context.web.ServletTestExecutionListener.resetRequestContextHolder' -> true, 'org.springframework.test.context.event.ApplicationEventsTestExecutionListener.recordApplicationEvents' -> false]]; transaction manager [org.springframework.orm.jpa.JpaTransactionManager@475fb7]; rollback [true]
Hibernate: insert into user (id, created_at, updated_at, pattern, regex, email, faker_id, name, status) values (default, ?, ?, ?, ?, ?, ?, ?, ?)
Hibernate: insert into room (id, created_at, updated_at, host_id, room_type, status, title) values (default, ?, ?, ?, ?, ?, ?)
Hibernate: insert into player (id, room_id, team, user_id) values (default, ?, ?, ?)
Hibernate: insert into player (id, room_id, team, user_id) values (default, ?, ?, ?)
2024-02-20 23:07:47.394  INFO 11474 --- [    Test worker] o.s.t.c.transaction.TransactionContext   : Rolled back transaction for test: [DefaultTestContext@34a75079 testClass = GameCommandServiceTest.GameStart, testInstance = quest.prography.lh.game.service.GameCommandServiceTest$GameStart@1b9785aa, testMethod = gameStart_whenRoomIsNotWait_throwPermissionDeniedException@GameCommandServiceTest.GameStart, testException = [null], mergedContextConfiguration = [WebMergedContextConfiguration@346a361 testClass = GameCommandServiceTest.GameStart, locations = '{}', classes = '{class quest.prography.lh.LhApplication}', contextInitializerClasses = '[]', activeProfiles = '{}', propertySourceLocations = '{}', propertySourceProperties = '{org.springframework.boot.test.context.SpringBootTestContextBootstrapper=true}', contextCustomizers = set[org.springframework.boot.test.autoconfigure.actuate.metrics.MetricsExportContextCustomizerFactory$DisableMetricExportContextCustomizer@42b02722, org.springframework.boot.test.autoconfigure.properties.PropertyMappingContextCustomizer@0, org.springframework.boot.test.autoconfigure.web.servlet.WebDriverContextCustomizerFactory$Customizer@2f16c6b3, org.springframework.boot.test.context.filter.ExcludeFilterContextCustomizer@53941c2f, org.springframework.boot.test.json.DuplicateJsonObjectContextCustomizerFactory$DuplicateJsonObjectContextCustomizer@2766ca9d, org.springframework.boot.test.mock.mockito.MockitoContextCustomizer@0, org.springframework.boot.test.web.client.TestRestTemplateContextCustomizer@10cf09e8, org.springframework.boot.test.context.SpringBootTestArgs@1, org.springframework.boot.test.context.SpringBootTestWebEnvironment@5f683daf], resourceBasePath = 'src/main/webapp', contextLoader = 'org.springframework.boot.test.context.SpringBootContextLoader', parent = [null]], attributes = map['org.springframework.test.context.web.ServletTestExecutionListener.activateListener' -> true, 'org.springframework.test.context.web.ServletTestExecutionListener.populatedRequestContextHolder' -> true, 'org.springframework.test.context.web.ServletTestExecutionListener.resetRequestContextHolder' -> true, 'org.springframework.test.context.event.ApplicationEventsTestExecutionListener.recordApplicationEvents' -> false]]
2024-02-20 23:07:47.397  INFO 11474 --- [    Test worker] o.s.t.c.transaction.TransactionContext   : Began transaction (1) for test context [DefaultTestContext@34a75079 testClass = GameCommandServiceTest.GameStart, testInstance = quest.prography.lh.game.service.GameCommandServiceTest$GameStart@51cf17e8, testMethod = gameStart_whenRoomIsNotFull_throwPermissionDeniedException@GameCommandServiceTest.GameStart, testException = [null], mergedContextConfiguration = [WebMergedContextConfiguration@346a361 testClass = GameCommandServiceTest.GameStart, locations = '{}', classes = '{class quest.prography.lh.LhApplication}', contextInitializerClasses = '[]', activeProfiles = '{}', propertySourceLocations = '{}', propertySourceProperties = '{org.springframework.boot.test.context.SpringBootTestContextBootstrapper=true}', contextCustomizers = set[org.springframework.boot.test.autoconfigure.actuate.metrics.MetricsExportContextCustomizerFactory$DisableMetricExportContextCustomizer@42b02722, org.springframework.boot.test.autoconfigure.properties.PropertyMappingContextCustomizer@0, org.springframework.boot.test.autoconfigure.web.servlet.WebDriverContextCustomizerFactory$Customizer@2f16c6b3, org.springframework.boot.test.context.filter.ExcludeFilterContextCustomizer@53941c2f, org.springframework.boot.test.json.DuplicateJsonObjectContextCustomizerFactory$DuplicateJsonObjectContextCustomizer@2766ca9d, org.springframework.boot.test.mock.mockito.MockitoContextCustomizer@0, org.springframework.boot.test.web.client.TestRestTemplateContextCustomizer@10cf09e8, org.springframework.boot.test.context.SpringBootTestArgs@1, org.springframework.boot.test.context.SpringBootTestWebEnvironment@5f683daf], resourceBasePath = 'src/main/webapp', contextLoader = 'org.springframework.boot.test.context.SpringBootContextLoader', parent = [null]], attributes = map['org.springframework.test.context.web.ServletTestExecutionListener.activateListener' -> true, 'org.springframework.test.context.web.ServletTestExecutionListener.populatedRequestContextHolder' -> true, 'org.springframework.test.context.web.ServletTestExecutionListener.resetRequestContextHolder' -> true, 'org.springframework.test.context.event.ApplicationEventsTestExecutionListener.recordApplicationEvents' -> false]]; transaction manager [org.springframework.orm.jpa.JpaTransactionManager@475fb7]; rollback [true]
Hibernate: insert into user (id, created_at, updated_at, pattern, regex, email, faker_id, name, status) values (default, ?, ?, ?, ?, ?, ?, ?, ?)
Hibernate: insert into room (id, created_at, updated_at, host_id, room_type, status, title) values (default, ?, ?, ?, ?, ?, ?)
Hibernate: insert into player (id, room_id, team, user_id) values (default, ?, ?, ?)
Hibernate: select player0_.id as id1_0_, player0_.room_id as room_id2_0_, player0_.team as team3_0_, player0_.user_id as user_id4_0_ from player player0_ where player0_.room_id=?
2024-02-20 23:07:47.482  INFO 11474 --- [    Test worker] o.s.t.c.transaction.TransactionContext   : Rolled back transaction for test: [DefaultTestContext@34a75079 testClass = GameCommandServiceTest.GameStart, testInstance = quest.prography.lh.game.service.GameCommandServiceTest$GameStart@51cf17e8, testMethod = gameStart_whenRoomIsNotFull_throwPermissionDeniedException@GameCommandServiceTest.GameStart, testException = [null], mergedContextConfiguration = [WebMergedContextConfiguration@346a361 testClass = GameCommandServiceTest.GameStart, locations = '{}', classes = '{class quest.prography.lh.LhApplication}', contextInitializerClasses = '[]', activeProfiles = '{}', propertySourceLocations = '{}', propertySourceProperties = '{org.springframework.boot.test.context.SpringBootTestContextBootstrapper=true}', contextCustomizers = set[org.springframework.boot.test.autoconfigure.actuate.metrics.MetricsExportContextCustomizerFactory$DisableMetricExportContextCustomizer@42b02722, org.springframework.boot.test.autoconfigure.properties.PropertyMappingContextCustomizer@0, org.springframework.boot.test.autoconfigure.web.servlet.WebDriverContextCustomizerFactory$Customizer@2f16c6b3, org.springframework.boot.test.context.filter.ExcludeFilterContextCustomizer@53941c2f, org.springframework.boot.test.json.DuplicateJsonObjectContextCustomizerFactory$DuplicateJsonObjectContextCustomizer@2766ca9d, org.springframework.boot.test.mock.mockito.MockitoContextCustomizer@0, org.springframework.boot.test.web.client.TestRestTemplateContextCustomizer@10cf09e8, org.springframework.boot.test.context.SpringBootTestArgs@1, org.springframework.boot.test.context.SpringBootTestWebEnvironment@5f683daf], resourceBasePath = 'src/main/webapp', contextLoader = 'org.springframework.boot.test.context.SpringBootContextLoader', parent = [null]], attributes = map['org.springframework.test.context.web.ServletTestExecutionListener.activateListener' -> true, 'org.springframework.test.context.web.ServletTestExecutionListener.populatedRequestContextHolder' -> true, 'org.springframework.test.context.web.ServletTestExecutionListener.resetRequestContextHolder' -> true, 'org.springframework.test.context.event.ApplicationEventsTestExecutionListener.recordApplicationEvents' -> false]]
2024-02-20 23:07:47.484  INFO 11474 --- [    Test worker] o.s.t.c.transaction.TransactionContext   : Began transaction (1) for test context [DefaultTestContext@34a75079 testClass = GameCommandServiceTest.GameStart, testInstance = quest.prography.lh.game.service.GameCommandServiceTest$GameStart@3d587c73, testMethod = gameStart_whenRoomIsStartWorkingWell_gameStatusIsUpdatedToProgress@GameCommandServiceTest.GameStart, testException = [null], mergedContextConfiguration = [WebMergedContextConfiguration@346a361 testClass = GameCommandServiceTest.GameStart, locations = '{}', classes = '{class quest.prography.lh.LhApplication}', contextInitializerClasses = '[]', activeProfiles = '{}', propertySourceLocations = '{}', propertySourceProperties = '{org.springframework.boot.test.context.SpringBootTestContextBootstrapper=true}', contextCustomizers = set[org.springframework.boot.test.autoconfigure.actuate.metrics.MetricsExportContextCustomizerFactory$DisableMetricExportContextCustomizer@42b02722, org.springframework.boot.test.autoconfigure.properties.PropertyMappingContextCustomizer@0, org.springframework.boot.test.autoconfigure.web.servlet.WebDriverContextCustomizerFactory$Customizer@2f16c6b3, org.springframework.boot.test.context.filter.ExcludeFilterContextCustomizer@53941c2f, org.springframework.boot.test.json.DuplicateJsonObjectContextCustomizerFactory$DuplicateJsonObjectContextCustomizer@2766ca9d, org.springframework.boot.test.mock.mockito.MockitoContextCustomizer@0, org.springframework.boot.test.web.client.TestRestTemplateContextCustomizer@10cf09e8, org.springframework.boot.test.context.SpringBootTestArgs@1, org.springframework.boot.test.context.SpringBootTestWebEnvironment@5f683daf], resourceBasePath = 'src/main/webapp', contextLoader = 'org.springframework.boot.test.context.SpringBootContextLoader', parent = [null]], attributes = map['org.springframework.test.context.web.ServletTestExecutionListener.activateListener' -> true, 'org.springframework.test.context.web.ServletTestExecutionListener.populatedRequestContextHolder' -> true, 'org.springframework.test.context.web.ServletTestExecutionListener.resetRequestContextHolder' -> true, 'org.springframework.test.context.event.ApplicationEventsTestExecutionListener.recordApplicationEvents' -> false]]; transaction manager [org.springframework.orm.jpa.JpaTransactionManager@475fb7]; rollback [true]
Hibernate: insert into user (id, created_at, updated_at, pattern, regex, email, faker_id, name, status) values (default, ?, ?, ?, ?, ?, ?, ?, ?)
Hibernate: insert into room (id, created_at, updated_at, host_id, room_type, status, title) values (default, ?, ?, ?, ?, ?, ?)
Hibernate: insert into player (id, room_id, team, user_id) values (default, ?, ?, ?)
Hibernate: insert into player (id, room_id, team, user_id) values (default, ?, ?, ?)
Hibernate: select player0_.id as id1_0_, player0_.room_id as room_id2_0_, player0_.team as team3_0_, player0_.user_id as user_id4_0_ from player player0_ where player0_.room_id=?
2024-02-20 23:07:47.500  INFO 11474 --- [    Test worker] o.s.t.c.transaction.TransactionContext   : Rolled back transaction for test: [DefaultTestContext@34a75079 testClass = GameCommandServiceTest.GameStart, testInstance = quest.prography.lh.game.service.GameCommandServiceTest$GameStart@3d587c73, testMethod = gameStart_whenRoomIsStartWorkingWell_gameStatusIsUpdatedToProgress@GameCommandServiceTest.GameStart, testException = [null], mergedContextConfiguration = [WebMergedContextConfiguration@346a361 testClass = GameCommandServiceTest.GameStart, locations = '{}', classes = '{class quest.prography.lh.LhApplication}', contextInitializerClasses = '[]', activeProfiles = '{}', propertySourceLocations = '{}', propertySourceProperties = '{org.springframework.boot.test.context.SpringBootTestContextBootstrapper=true}', contextCustomizers = set[org.springframework.boot.test.autoconfigure.actuate.metrics.MetricsExportContextCustomizerFactory$DisableMetricExportContextCustomizer@42b02722, org.springframework.boot.test.autoconfigure.properties.PropertyMappingContextCustomizer@0, org.springframework.boot.test.autoconfigure.web.servlet.WebDriverContextCustomizerFactory$Customizer@2f16c6b3, org.springframework.boot.test.context.filter.ExcludeFilterContextCustomizer@53941c2f, org.springframework.boot.test.json.DuplicateJsonObjectContextCustomizerFactory$DuplicateJsonObjectContextCustomizer@2766ca9d, org.springframework.boot.test.mock.mockito.MockitoContextCustomizer@0, org.springframework.boot.test.web.client.TestRestTemplateContextCustomizer@10cf09e8, org.springframework.boot.test.context.SpringBootTestArgs@1, org.springframework.boot.test.context.SpringBootTestWebEnvironment@5f683daf], resourceBasePath = 'src/main/webapp', contextLoader = 'org.springframework.boot.test.context.SpringBootContextLoader', parent = [null]], attributes = map['org.springframework.test.context.web.ServletTestExecutionListener.activateListener' -> true, 'org.springframework.test.context.web.ServletTestExecutionListener.populatedRequestContextHolder' -> true, 'org.springframework.test.context.web.ServletTestExecutionListener.resetRequestContextHolder' -> true, 'org.springframework.test.context.event.ApplicationEventsTestExecutionListener.recordApplicationEvents' -> false]]
]]></system-out>
  <system-err><![CDATA[]]></system-err>
</testsuite>
