<?xml version="1.0" encoding="UTF-8"?>
<testsuite name="방을 생성하려 할 때," tests="3" skipped="0" failures="0" errors="0" timestamp="2024-02-20T14:07:47" hostname="ihoui-MacBookAir-12780.local" time="0.044">
  <properties/>
  <testcase name="방을 생성하려는 호스트가 이미 참여한 방이 있는 경우, 예외를 반환합니다." classname="quest.prography.lh.room.service.RoomCommandServiceTest$CreateNewRoom" time="0.015"/>
  <testcase name="방을 생성하려는 호스트가 활성 상태가 아닐 경우, 예외를 반환합니다." classname="quest.prography.lh.room.service.RoomCommandServiceTest$CreateNewRoom" time="0.011"/>
  <testcase name="정상 입력에 대해 방을 생성합니다." classname="quest.prography.lh.room.service.RoomCommandServiceTest$CreateNewRoom" time="0.016"/>
  <system-out><![CDATA[2024-02-20 23:07:47.775  INFO 11474 --- [    Test worker] .b.t.c.SpringBootTestContextBootstrapper : Neither @ContextConfiguration nor @ContextHierarchy found for test class [quest.prography.lh.room.service.RoomCommandServiceTest$CreateNewRoom], using SpringBootContextLoader
2024-02-20 23:07:47.776  INFO 11474 --- [    Test worker] o.s.t.c.support.AbstractContextLoader    : Could not detect default resource locations for test class [quest.prography.lh.room.service.RoomCommandServiceTest$CreateNewRoom]: no resource found for suffixes {-context.xml, Context.groovy}.
2024-02-20 23:07:47.776  INFO 11474 --- [    Test worker] t.c.s.AnnotationConfigContextLoaderUtils : Could not detect default configuration classes for test class [quest.prography.lh.room.service.RoomCommandServiceTest$CreateNewRoom]: CreateNewRoom does not declare any static, non-private, non-final, nested classes annotated with @Configuration.
2024-02-20 23:07:47.777  INFO 11474 --- [    Test worker] .b.t.c.SpringBootTestContextBootstrapper : Found @SpringBootConfiguration quest.prography.lh.LhApplication for test class quest.prography.lh.room.service.RoomCommandServiceTest$CreateNewRoom
2024-02-20 23:07:47.778  INFO 11474 --- [    Test worker] .b.t.c.SpringBootTestContextBootstrapper : Loaded default TestExecutionListener class names from location [META-INF/spring.factories]: [org.springframework.boot.test.autoconfigure.restdocs.RestDocsTestExecutionListener, org.springframework.boot.test.autoconfigure.web.client.MockRestServiceServerResetTestExecutionListener, org.springframework.boot.test.autoconfigure.web.servlet.MockMvcPrintOnlyOnFailureTestExecutionListener, org.springframework.boot.test.autoconfigure.web.servlet.WebDriverTestExecutionListener, org.springframework.boot.test.autoconfigure.webservices.client.MockWebServiceServerTestExecutionListener, org.springframework.boot.test.mock.mockito.MockitoTestExecutionListener, org.springframework.boot.test.mock.mockito.ResetMocksTestExecutionListener, org.springframework.test.context.web.ServletTestExecutionListener, org.springframework.test.context.support.DirtiesContextBeforeModesTestExecutionListener, org.springframework.test.context.event.ApplicationEventsTestExecutionListener, org.springframework.test.context.support.DependencyInjectionTestExecutionListener, org.springframework.test.context.support.DirtiesContextTestExecutionListener, org.springframework.test.context.transaction.TransactionalTestExecutionListener, org.springframework.test.context.jdbc.SqlScriptsTestExecutionListener, org.springframework.test.context.event.EventPublishingTestExecutionListener]
2024-02-20 23:07:47.778  INFO 11474 --- [    Test worker] .b.t.c.SpringBootTestContextBootstrapper : Using TestExecutionListeners: [org.springframework.test.context.web.ServletTestExecutionListener@56a0dd11, org.springframework.test.context.support.DirtiesContextBeforeModesTestExecutionListener@1940bacd, org.springframework.test.context.event.ApplicationEventsTestExecutionListener@7508912e, org.springframework.boot.test.mock.mockito.MockitoTestExecutionListener@1f9ec3e7, org.springframework.boot.test.autoconfigure.SpringBootDependencyInjectionTestExecutionListener@4f86cd50, org.springframework.test.context.support.DirtiesContextTestExecutionListener@538c90bf, org.springframework.test.context.transaction.TransactionalTestExecutionListener@62bcfa01, org.springframework.test.context.jdbc.SqlScriptsTestExecutionListener@b549c4a, org.springframework.test.context.event.EventPublishingTestExecutionListener@72412c3d, org.springframework.boot.test.autoconfigure.restdocs.RestDocsTestExecutionListener@457f43a2, org.springframework.boot.test.autoconfigure.web.client.MockRestServiceServerResetTestExecutionListener@4016d5fe, org.springframework.boot.test.autoconfigure.web.servlet.MockMvcPrintOnlyOnFailureTestExecutionListener@6f8fa77a, org.springframework.boot.test.autoconfigure.web.servlet.WebDriverTestExecutionListener@14d44e72, org.springframework.boot.test.autoconfigure.webservices.client.MockWebServiceServerTestExecutionListener@2b097d19, org.springframework.boot.test.mock.mockito.ResetMocksTestExecutionListener@5d46f4a3]
2024-02-20 23:07:47.784  INFO 11474 --- [    Test worker] o.s.t.c.transaction.TransactionContext   : Began transaction (1) for test context [DefaultTestContext@4fe03c06 testClass = RoomCommandServiceTest.CreateNewRoom, testInstance = quest.prography.lh.room.service.RoomCommandServiceTest$CreateNewRoom@79f14c56, testMethod = createNewRoom_whenUserAlreadyAttended_throwUserAlreadyAttendedException@RoomCommandServiceTest.CreateNewRoom, testException = [null], mergedContextConfiguration = [WebMergedContextConfiguration@19f007c4 testClass = RoomCommandServiceTest.CreateNewRoom, locations = '{}', classes = '{class quest.prography.lh.LhApplication}', contextInitializerClasses = '[]', activeProfiles = '{}', propertySourceLocations = '{}', propertySourceProperties = '{org.springframework.boot.test.context.SpringBootTestContextBootstrapper=true}', contextCustomizers = set[org.springframework.boot.test.autoconfigure.actuate.metrics.MetricsExportContextCustomizerFactory$DisableMetricExportContextCustomizer@42b02722, org.springframework.boot.test.autoconfigure.properties.PropertyMappingContextCustomizer@0, org.springframework.boot.test.autoconfigure.web.servlet.WebDriverContextCustomizerFactory$Customizer@2f16c6b3, org.springframework.boot.test.context.filter.ExcludeFilterContextCustomizer@53941c2f, org.springframework.boot.test.json.DuplicateJsonObjectContextCustomizerFactory$DuplicateJsonObjectContextCustomizer@2766ca9d, org.springframework.boot.test.mock.mockito.MockitoContextCustomizer@0, org.springframework.boot.test.web.client.TestRestTemplateContextCustomizer@10cf09e8, org.springframework.boot.test.context.SpringBootTestArgs@1, org.springframework.boot.test.context.SpringBootTestWebEnvironment@5f683daf], resourceBasePath = 'src/main/webapp', contextLoader = 'org.springframework.boot.test.context.SpringBootContextLoader', parent = [null]], attributes = map['org.springframework.test.context.web.ServletTestExecutionListener.activateListener' -> true, 'org.springframework.test.context.web.ServletTestExecutionListener.populatedRequestContextHolder' -> true, 'org.springframework.test.context.web.ServletTestExecutionListener.resetRequestContextHolder' -> true, 'org.springframework.test.context.event.ApplicationEventsTestExecutionListener.recordApplicationEvents' -> false]]; transaction manager [org.springframework.orm.jpa.JpaTransactionManager@475fb7]; rollback [true]
Hibernate: insert into user (id, created_at, updated_at, pattern, regex, email, faker_id, name, status) values (default, ?, ?, ?, ?, ?, ?, ?, ?)
Hibernate: insert into room (id, created_at, updated_at, host_id, room_type, status, title) values (default, ?, ?, ?, ?, ?, ?)
Hibernate: insert into player (id, room_id, team, user_id) values (default, ?, ?, ?)
Hibernate: select player0_.id as id1_0_, player0_.room_id as room_id2_0_, player0_.team as team3_0_, player0_.user_id as user_id4_0_ from player player0_ where player0_.user_id=?
2024-02-20 23:07:47.797  INFO 11474 --- [    Test worker] o.s.t.c.transaction.TransactionContext   : Rolled back transaction for test: [DefaultTestContext@4fe03c06 testClass = RoomCommandServiceTest.CreateNewRoom, testInstance = quest.prography.lh.room.service.RoomCommandServiceTest$CreateNewRoom@79f14c56, testMethod = createNewRoom_whenUserAlreadyAttended_throwUserAlreadyAttendedException@RoomCommandServiceTest.CreateNewRoom, testException = [null], mergedContextConfiguration = [WebMergedContextConfiguration@19f007c4 testClass = RoomCommandServiceTest.CreateNewRoom, locations = '{}', classes = '{class quest.prography.lh.LhApplication}', contextInitializerClasses = '[]', activeProfiles = '{}', propertySourceLocations = '{}', propertySourceProperties = '{org.springframework.boot.test.context.SpringBootTestContextBootstrapper=true}', contextCustomizers = set[org.springframework.boot.test.autoconfigure.actuate.metrics.MetricsExportContextCustomizerFactory$DisableMetricExportContextCustomizer@42b02722, org.springframework.boot.test.autoconfigure.properties.PropertyMappingContextCustomizer@0, org.springframework.boot.test.autoconfigure.web.servlet.WebDriverContextCustomizerFactory$Customizer@2f16c6b3, org.springframework.boot.test.context.filter.ExcludeFilterContextCustomizer@53941c2f, org.springframework.boot.test.json.DuplicateJsonObjectContextCustomizerFactory$DuplicateJsonObjectContextCustomizer@2766ca9d, org.springframework.boot.test.mock.mockito.MockitoContextCustomizer@0, org.springframework.boot.test.web.client.TestRestTemplateContextCustomizer@10cf09e8, org.springframework.boot.test.context.SpringBootTestArgs@1, org.springframework.boot.test.context.SpringBootTestWebEnvironment@5f683daf], resourceBasePath = 'src/main/webapp', contextLoader = 'org.springframework.boot.test.context.SpringBootContextLoader', parent = [null]], attributes = map['org.springframework.test.context.web.ServletTestExecutionListener.activateListener' -> true, 'org.springframework.test.context.web.ServletTestExecutionListener.populatedRequestContextHolder' -> true, 'org.springframework.test.context.web.ServletTestExecutionListener.resetRequestContextHolder' -> true, 'org.springframework.test.context.event.ApplicationEventsTestExecutionListener.recordApplicationEvents' -> false]]
2024-02-20 23:07:47.801  INFO 11474 --- [    Test worker] o.s.t.c.transaction.TransactionContext   : Began transaction (1) for test context [DefaultTestContext@4fe03c06 testClass = RoomCommandServiceTest.CreateNewRoom, testInstance = quest.prography.lh.room.service.RoomCommandServiceTest$CreateNewRoom@13cfe28b, testMethod = createNewRoom_whenHostStatusIsNotActive_throwUnavailableHostStatusException@RoomCommandServiceTest.CreateNewRoom, testException = [null], mergedContextConfiguration = [WebMergedContextConfiguration@19f007c4 testClass = RoomCommandServiceTest.CreateNewRoom, locations = '{}', classes = '{class quest.prography.lh.LhApplication}', contextInitializerClasses = '[]', activeProfiles = '{}', propertySourceLocations = '{}', propertySourceProperties = '{org.springframework.boot.test.context.SpringBootTestContextBootstrapper=true}', contextCustomizers = set[org.springframework.boot.test.autoconfigure.actuate.metrics.MetricsExportContextCustomizerFactory$DisableMetricExportContextCustomizer@42b02722, org.springframework.boot.test.autoconfigure.properties.PropertyMappingContextCustomizer@0, org.springframework.boot.test.autoconfigure.web.servlet.WebDriverContextCustomizerFactory$Customizer@2f16c6b3, org.springframework.boot.test.context.filter.ExcludeFilterContextCustomizer@53941c2f, org.springframework.boot.test.json.DuplicateJsonObjectContextCustomizerFactory$DuplicateJsonObjectContextCustomizer@2766ca9d, org.springframework.boot.test.mock.mockito.MockitoContextCustomizer@0, org.springframework.boot.test.web.client.TestRestTemplateContextCustomizer@10cf09e8, org.springframework.boot.test.context.SpringBootTestArgs@1, org.springframework.boot.test.context.SpringBootTestWebEnvironment@5f683daf], resourceBasePath = 'src/main/webapp', contextLoader = 'org.springframework.boot.test.context.SpringBootContextLoader', parent = [null]], attributes = map['org.springframework.test.context.web.ServletTestExecutionListener.activateListener' -> true, 'org.springframework.test.context.web.ServletTestExecutionListener.populatedRequestContextHolder' -> true, 'org.springframework.test.context.web.ServletTestExecutionListener.resetRequestContextHolder' -> true, 'org.springframework.test.context.event.ApplicationEventsTestExecutionListener.recordApplicationEvents' -> false]]; transaction manager [org.springframework.orm.jpa.JpaTransactionManager@475fb7]; rollback [true]
Hibernate: insert into user (id, created_at, updated_at, pattern, regex, email, faker_id, name, status) values (default, ?, ?, ?, ?, ?, ?, ?, ?)
2024-02-20 23:07:47.810  INFO 11474 --- [    Test worker] o.s.t.c.transaction.TransactionContext   : Rolled back transaction for test: [DefaultTestContext@4fe03c06 testClass = RoomCommandServiceTest.CreateNewRoom, testInstance = quest.prography.lh.room.service.RoomCommandServiceTest$CreateNewRoom@13cfe28b, testMethod = createNewRoom_whenHostStatusIsNotActive_throwUnavailableHostStatusException@RoomCommandServiceTest.CreateNewRoom, testException = [null], mergedContextConfiguration = [WebMergedContextConfiguration@19f007c4 testClass = RoomCommandServiceTest.CreateNewRoom, locations = '{}', classes = '{class quest.prography.lh.LhApplication}', contextInitializerClasses = '[]', activeProfiles = '{}', propertySourceLocations = '{}', propertySourceProperties = '{org.springframework.boot.test.context.SpringBootTestContextBootstrapper=true}', contextCustomizers = set[org.springframework.boot.test.autoconfigure.actuate.metrics.MetricsExportContextCustomizerFactory$DisableMetricExportContextCustomizer@42b02722, org.springframework.boot.test.autoconfigure.properties.PropertyMappingContextCustomizer@0, org.springframework.boot.test.autoconfigure.web.servlet.WebDriverContextCustomizerFactory$Customizer@2f16c6b3, org.springframework.boot.test.context.filter.ExcludeFilterContextCustomizer@53941c2f, org.springframework.boot.test.json.DuplicateJsonObjectContextCustomizerFactory$DuplicateJsonObjectContextCustomizer@2766ca9d, org.springframework.boot.test.mock.mockito.MockitoContextCustomizer@0, org.springframework.boot.test.web.client.TestRestTemplateContextCustomizer@10cf09e8, org.springframework.boot.test.context.SpringBootTestArgs@1, org.springframework.boot.test.context.SpringBootTestWebEnvironment@5f683daf], resourceBasePath = 'src/main/webapp', contextLoader = 'org.springframework.boot.test.context.SpringBootContextLoader', parent = [null]], attributes = map['org.springframework.test.context.web.ServletTestExecutionListener.activateListener' -> true, 'org.springframework.test.context.web.ServletTestExecutionListener.populatedRequestContextHolder' -> true, 'org.springframework.test.context.web.ServletTestExecutionListener.resetRequestContextHolder' -> true, 'org.springframework.test.context.event.ApplicationEventsTestExecutionListener.recordApplicationEvents' -> false]]
2024-02-20 23:07:47.813  INFO 11474 --- [    Test worker] o.s.t.c.transaction.TransactionContext   : Began transaction (1) for test context [DefaultTestContext@4fe03c06 testClass = RoomCommandServiceTest.CreateNewRoom, testInstance = quest.prography.lh.room.service.RoomCommandServiceTest$CreateNewRoom@2c6b36d7, testMethod = createNewRoom_whenNormalCase@RoomCommandServiceTest.CreateNewRoom, testException = [null], mergedContextConfiguration = [WebMergedContextConfiguration@19f007c4 testClass = RoomCommandServiceTest.CreateNewRoom, locations = '{}', classes = '{class quest.prography.lh.LhApplication}', contextInitializerClasses = '[]', activeProfiles = '{}', propertySourceLocations = '{}', propertySourceProperties = '{org.springframework.boot.test.context.SpringBootTestContextBootstrapper=true}', contextCustomizers = set[org.springframework.boot.test.autoconfigure.actuate.metrics.MetricsExportContextCustomizerFactory$DisableMetricExportContextCustomizer@42b02722, org.springframework.boot.test.autoconfigure.properties.PropertyMappingContextCustomizer@0, org.springframework.boot.test.autoconfigure.web.servlet.WebDriverContextCustomizerFactory$Customizer@2f16c6b3, org.springframework.boot.test.context.filter.ExcludeFilterContextCustomizer@53941c2f, org.springframework.boot.test.json.DuplicateJsonObjectContextCustomizerFactory$DuplicateJsonObjectContextCustomizer@2766ca9d, org.springframework.boot.test.mock.mockito.MockitoContextCustomizer@0, org.springframework.boot.test.web.client.TestRestTemplateContextCustomizer@10cf09e8, org.springframework.boot.test.context.SpringBootTestArgs@1, org.springframework.boot.test.context.SpringBootTestWebEnvironment@5f683daf], resourceBasePath = 'src/main/webapp', contextLoader = 'org.springframework.boot.test.context.SpringBootContextLoader', parent = [null]], attributes = map['org.springframework.test.context.web.ServletTestExecutionListener.activateListener' -> true, 'org.springframework.test.context.web.ServletTestExecutionListener.populatedRequestContextHolder' -> true, 'org.springframework.test.context.web.ServletTestExecutionListener.resetRequestContextHolder' -> true, 'org.springframework.test.context.event.ApplicationEventsTestExecutionListener.recordApplicationEvents' -> false]]; transaction manager [org.springframework.orm.jpa.JpaTransactionManager@475fb7]; rollback [true]
Hibernate: insert into user (id, created_at, updated_at, pattern, regex, email, faker_id, name, status) values (default, ?, ?, ?, ?, ?, ?, ?, ?)
Hibernate: select player0_.id as id1_0_, player0_.room_id as room_id2_0_, player0_.team as team3_0_, player0_.user_id as user_id4_0_ from player player0_ where player0_.user_id=?
Hibernate: insert into room (id, created_at, updated_at, host_id, room_type, status, title) values (default, ?, ?, ?, ?, ?, ?)
Hibernate: insert into player (id, room_id, team, user_id) values (default, ?, ?, ?)
Hibernate: select player0_.id as id1_0_, player0_.room_id as room_id2_0_, player0_.team as team3_0_, player0_.user_id as user_id4_0_ from player player0_ where player0_.room_id=?
2024-02-20 23:07:47.826  INFO 11474 --- [    Test worker] o.s.t.c.transaction.TransactionContext   : Rolled back transaction for test: [DefaultTestContext@4fe03c06 testClass = RoomCommandServiceTest.CreateNewRoom, testInstance = quest.prography.lh.room.service.RoomCommandServiceTest$CreateNewRoom@2c6b36d7, testMethod = createNewRoom_whenNormalCase@RoomCommandServiceTest.CreateNewRoom, testException = [null], mergedContextConfiguration = [WebMergedContextConfiguration@19f007c4 testClass = RoomCommandServiceTest.CreateNewRoom, locations = '{}', classes = '{class quest.prography.lh.LhApplication}', contextInitializerClasses = '[]', activeProfiles = '{}', propertySourceLocations = '{}', propertySourceProperties = '{org.springframework.boot.test.context.SpringBootTestContextBootstrapper=true}', contextCustomizers = set[org.springframework.boot.test.autoconfigure.actuate.metrics.MetricsExportContextCustomizerFactory$DisableMetricExportContextCustomizer@42b02722, org.springframework.boot.test.autoconfigure.properties.PropertyMappingContextCustomizer@0, org.springframework.boot.test.autoconfigure.web.servlet.WebDriverContextCustomizerFactory$Customizer@2f16c6b3, org.springframework.boot.test.context.filter.ExcludeFilterContextCustomizer@53941c2f, org.springframework.boot.test.json.DuplicateJsonObjectContextCustomizerFactory$DuplicateJsonObjectContextCustomizer@2766ca9d, org.springframework.boot.test.mock.mockito.MockitoContextCustomizer@0, org.springframework.boot.test.web.client.TestRestTemplateContextCustomizer@10cf09e8, org.springframework.boot.test.context.SpringBootTestArgs@1, org.springframework.boot.test.context.SpringBootTestWebEnvironment@5f683daf], resourceBasePath = 'src/main/webapp', contextLoader = 'org.springframework.boot.test.context.SpringBootContextLoader', parent = [null]], attributes = map['org.springframework.test.context.web.ServletTestExecutionListener.activateListener' -> true, 'org.springframework.test.context.web.ServletTestExecutionListener.populatedRequestContextHolder' -> true, 'org.springframework.test.context.web.ServletTestExecutionListener.resetRequestContextHolder' -> true, 'org.springframework.test.context.event.ApplicationEventsTestExecutionListener.recordApplicationEvents' -> false]]
]]></system-out>
  <system-err><![CDATA[]]></system-err>
</testsuite>
