<?xml version="1.0" encoding="UTF-8"?>
<testsuite name="quest.prography.lh.game.service.GameCommandServiceTest" tests="0" skipped="0" failures="0" errors="0" timestamp="1970-01-01T00:00:00" hostname="ihoui-MacBookAir-12780.local" time="0.0">
  <properties/>
  <system-out><![CDATA[23:07:44.094 [Test worker] DEBUG org.springframework.test.context.BootstrapUtils - Instantiating CacheAwareContextLoaderDelegate from class [org.springframework.test.context.cache.DefaultCacheAwareContextLoaderDelegate]
23:07:44.099 [Test worker] DEBUG org.springframework.test.context.BootstrapUtils - Instantiating BootstrapContext using constructor [public org.springframework.test.context.support.DefaultBootstrapContext(java.lang.Class,org.springframework.test.context.CacheAwareContextLoaderDelegate)]
23:07:44.132 [Test worker] DEBUG org.springframework.test.context.BootstrapUtils - Instantiating TestContextBootstrapper for test class [quest.prography.lh.game.service.GameCommandServiceTest] from class [org.springframework.boot.test.context.SpringBootTestContextBootstrapper]
23:07:44.141 [Test worker] INFO org.springframework.boot.test.context.SpringBootTestContextBootstrapper - Neither @ContextConfiguration nor @ContextHierarchy found for test class [quest.prography.lh.game.service.GameCommandServiceTest], using SpringBootContextLoader
23:07:44.148 [Test worker] DEBUG org.springframework.test.context.support.AbstractContextLoader - Did not detect default resource location for test class [quest.prography.lh.game.service.GameCommandServiceTest]: class path resource [quest/prography/lh/game/service/GameCommandServiceTest-context.xml] does not exist
23:07:44.148 [Test worker] DEBUG org.springframework.test.context.support.AbstractContextLoader - Did not detect default resource location for test class [quest.prography.lh.game.service.GameCommandServiceTest]: class path resource [quest/prography/lh/game/service/GameCommandServiceTestContext.groovy] does not exist
23:07:44.148 [Test worker] INFO org.springframework.test.context.support.AbstractContextLoader - Could not detect default resource locations for test class [quest.prography.lh.game.service.GameCommandServiceTest]: no resource found for suffixes {-context.xml, Context.groovy}.
23:07:44.149 [Test worker] DEBUG org.springframework.test.context.support.AnnotationConfigContextLoaderUtils - Ignoring class [quest.prography.lh.game.service.GameCommandServiceTest$GameStart]; it must be static, non-private, non-final, and annotated with @Configuration to be considered a default configuration class.
23:07:44.149 [Test worker] INFO org.springframework.test.context.support.AnnotationConfigContextLoaderUtils - Could not detect default configuration classes for test class [quest.prography.lh.game.service.GameCommandServiceTest]: GameCommandServiceTest does not declare any static, non-private, non-final, nested classes annotated with @Configuration.
23:07:44.184 [Test worker] DEBUG org.springframework.test.context.support.ActiveProfilesUtils - Could not find an 'annotation declaring class' for annotation type [org.springframework.test.context.ActiveProfiles] and class [quest.prography.lh.game.service.GameCommandServiceTest]
23:07:44.228 [Test worker] DEBUG org.springframework.context.annotation.ClassPathScanningCandidateComponentProvider - Identified candidate component class: file [/Users/leeho/Downloads/9th-spring-quest-group1-main/build/classes/java/main/quest/prography/lh/LhApplication.class]
23:07:44.229 [Test worker] INFO org.springframework.boot.test.context.SpringBootTestContextBootstrapper - Found @SpringBootConfiguration quest.prography.lh.LhApplication for test class quest.prography.lh.game.service.GameCommandServiceTest
23:07:44.291 [Test worker] DEBUG org.springframework.boot.test.context.SpringBootTestContextBootstrapper - @TestExecutionListeners is not present for class [quest.prography.lh.game.service.GameCommandServiceTest]: using defaults.
23:07:44.292 [Test worker] INFO org.springframework.boot.test.context.SpringBootTestContextBootstrapper - Loaded default TestExecutionListener class names from location [META-INF/spring.factories]: [org.springframework.boot.test.autoconfigure.restdocs.RestDocsTestExecutionListener, org.springframework.boot.test.autoconfigure.web.client.MockRestServiceServerResetTestExecutionListener, org.springframework.boot.test.autoconfigure.web.servlet.MockMvcPrintOnlyOnFailureTestExecutionListener, org.springframework.boot.test.autoconfigure.web.servlet.WebDriverTestExecutionListener, org.springframework.boot.test.autoconfigure.webservices.client.MockWebServiceServerTestExecutionListener, org.springframework.boot.test.mock.mockito.MockitoTestExecutionListener, org.springframework.boot.test.mock.mockito.ResetMocksTestExecutionListener, org.springframework.test.context.web.ServletTestExecutionListener, org.springframework.test.context.support.DirtiesContextBeforeModesTestExecutionListener, org.springframework.test.context.event.ApplicationEventsTestExecutionListener, org.springframework.test.context.support.DependencyInjectionTestExecutionListener, org.springframework.test.context.support.DirtiesContextTestExecutionListener, org.springframework.test.context.transaction.TransactionalTestExecutionListener, org.springframework.test.context.jdbc.SqlScriptsTestExecutionListener, org.springframework.test.context.event.EventPublishingTestExecutionListener]
23:07:44.301 [Test worker] INFO org.springframework.boot.test.context.SpringBootTestContextBootstrapper - Using TestExecutionListeners: [org.springframework.test.context.web.ServletTestExecutionListener@7c56e013, org.springframework.test.context.support.DirtiesContextBeforeModesTestExecutionListener@3fc9dfc5, org.springframework.test.context.event.ApplicationEventsTestExecutionListener@40258c2f, org.springframework.boot.test.mock.mockito.MockitoTestExecutionListener@2cac4385, org.springframework.boot.test.autoconfigure.SpringBootDependencyInjectionTestExecutionListener@6731787b, org.springframework.test.context.support.DirtiesContextTestExecutionListener@16f7b4af, org.springframework.test.context.transaction.TransactionalTestExecutionListener@7adf16aa, org.springframework.test.context.jdbc.SqlScriptsTestExecutionListener@34a1d21f, org.springframework.test.context.event.EventPublishingTestExecutionListener@58bf8650, org.springframework.boot.test.autoconfigure.restdocs.RestDocsTestExecutionListener@73c60324, org.springframework.boot.test.autoconfigure.web.client.MockRestServiceServerResetTestExecutionListener@71ae31b0, org.springframework.boot.test.autoconfigure.web.servlet.MockMvcPrintOnlyOnFailureTestExecutionListener@4ba534b0, org.springframework.boot.test.autoconfigure.web.servlet.WebDriverTestExecutionListener@6f0ca692, org.springframework.boot.test.autoconfigure.webservices.client.MockWebServiceServerTestExecutionListener@2c104774, org.springframework.boot.test.mock.mockito.ResetMocksTestExecutionListener@2cb3d0f7]
23:07:44.303 [Test worker] DEBUG org.springframework.test.context.support.AbstractDirtiesContextTestExecutionListener - Before test class: context [DefaultTestContext@59d2103b testClass = GameCommandServiceTest, testInstance = [null], testMethod = [null], testException = [null], mergedContextConfiguration = [WebMergedContextConfiguration@39dcf4b0 testClass = GameCommandServiceTest, locations = '{}', classes = '{class quest.prography.lh.LhApplication}', contextInitializerClasses = '[]', activeProfiles = '{}', propertySourceLocations = '{}', propertySourceProperties = '{org.springframework.boot.test.context.SpringBootTestContextBootstrapper=true}', contextCustomizers = set[org.springframework.boot.test.autoconfigure.actuate.metrics.MetricsExportContextCustomizerFactory$DisableMetricExportContextCustomizer@42b02722, org.springframework.boot.test.autoconfigure.properties.PropertyMappingContextCustomizer@0, org.springframework.boot.test.autoconfigure.web.servlet.WebDriverContextCustomizerFactory$Customizer@2f16c6b3, org.springframework.boot.test.context.filter.ExcludeFilterContextCustomizer@53941c2f, org.springframework.boot.test.json.DuplicateJsonObjectContextCustomizerFactory$DuplicateJsonObjectContextCustomizer@2766ca9d, org.springframework.boot.test.mock.mockito.MockitoContextCustomizer@0, org.springframework.boot.test.web.client.TestRestTemplateContextCustomizer@10cf09e8, org.springframework.boot.test.context.SpringBootTestArgs@1, org.springframework.boot.test.context.SpringBootTestWebEnvironment@5f683daf], resourceBasePath = 'src/main/webapp', contextLoader = 'org.springframework.boot.test.context.SpringBootContextLoader', parent = [null]], attributes = map['org.springframework.test.context.web.ServletTestExecutionListener.activateListener' -> true]], class annotated with @DirtiesContext [false] with mode [null].
]]></system-out>
  <system-err><![CDATA[]]></system-err>
</testsuite>
