<?xml version="1.0" encoding="UTF-8"?>
<testsuite name="quest.prography.lh.room.service.RoomCommandServiceTest" tests="0" skipped="0" failures="0" errors="0" timestamp="1970-01-01T00:00:00" hostname="ihoui-MacBookAir-12780.local" time="0.0">
  <properties/>
  <system-out><![CDATA[2024-02-20 23:07:47.531  INFO 11474 --- [    Test worker] .b.t.c.SpringBootTestContextBootstrapper : Neither @ContextConfiguration nor @ContextHierarchy found for test class [quest.prography.lh.room.service.RoomCommandServiceTest], using SpringBootContextLoader
2024-02-20 23:07:47.532  INFO 11474 --- [    Test worker] o.s.t.c.support.AbstractContextLoader    : Could not detect default resource locations for test class [quest.prography.lh.room.service.RoomCommandServiceTest]: no resource found for suffixes {-context.xml, Context.groovy}.
2024-02-20 23:07:47.532  INFO 11474 --- [    Test worker] t.c.s.AnnotationConfigContextLoaderUtils : Could not detect default configuration classes for test class [quest.prography.lh.room.service.RoomCommandServiceTest]: RoomCommandServiceTest does not declare any static, non-private, non-final, nested classes annotated with @Configuration.
2024-02-20 23:07:47.538  INFO 11474 --- [    Test worker] .b.t.c.SpringBootTestContextBootstrapper : Found @SpringBootConfiguration quest.prography.lh.LhApplication for test class quest.prography.lh.room.service.RoomCommandServiceTest
2024-02-20 23:07:47.539  INFO 11474 --- [    Test worker] .b.t.c.SpringBootTestContextBootstrapper : Loaded default TestExecutionListener class names from location [META-INF/spring.factories]: [org.springframework.boot.test.autoconfigure.restdocs.RestDocsTestExecutionListener, org.springframework.boot.test.autoconfigure.web.client.MockRestServiceServerResetTestExecutionListener, org.springframework.boot.test.autoconfigure.web.servlet.MockMvcPrintOnlyOnFailureTestExecutionListener, org.springframework.boot.test.autoconfigure.web.servlet.WebDriverTestExecutionListener, org.springframework.boot.test.autoconfigure.webservices.client.MockWebServiceServerTestExecutionListener, org.springframework.boot.test.mock.mockito.MockitoTestExecutionListener, org.springframework.boot.test.mock.mockito.ResetMocksTestExecutionListener, org.springframework.test.context.web.ServletTestExecutionListener, org.springframework.test.context.support.DirtiesContextBeforeModesTestExecutionListener, org.springframework.test.context.event.ApplicationEventsTestExecutionListener, org.springframework.test.context.support.DependencyInjectionTestExecutionListener, org.springframework.test.context.support.DirtiesContextTestExecutionListener, org.springframework.test.context.transaction.TransactionalTestExecutionListener, org.springframework.test.context.jdbc.SqlScriptsTestExecutionListener, org.springframework.test.context.event.EventPublishingTestExecutionListener]
2024-02-20 23:07:47.539  INFO 11474 --- [    Test worker] .b.t.c.SpringBootTestContextBootstrapper : Using TestExecutionListeners: [org.springframework.test.context.web.ServletTestExecutionListener@46875fae, org.springframework.test.context.support.DirtiesContextBeforeModesTestExecutionListener@5b3f0552, org.springframework.test.context.event.ApplicationEventsTestExecutionListener@432fca40, org.springframework.boot.test.mock.mockito.MockitoTestExecutionListener@de06f28, org.springframework.boot.test.autoconfigure.SpringBootDependencyInjectionTestExecutionListener@71662b15, org.springframework.test.context.support.DirtiesContextTestExecutionListener@52d0a5fe, org.springframework.test.context.transaction.TransactionalTestExecutionListener@6f10082e, org.springframework.test.context.jdbc.SqlScriptsTestExecutionListener@6107b3cb, org.springframework.test.context.event.EventPublishingTestExecutionListener@2179127d, org.springframework.boot.test.autoconfigure.restdocs.RestDocsTestExecutionListener@76d1acf9, org.springframework.boot.test.autoconfigure.web.client.MockRestServiceServerResetTestExecutionListener@196f9b75, org.springframework.boot.test.autoconfigure.web.servlet.MockMvcPrintOnlyOnFailureTestExecutionListener@452aea78, org.springframework.boot.test.autoconfigure.web.servlet.WebDriverTestExecutionListener@2ca9e25a, org.springframework.boot.test.autoconfigure.webservices.client.MockWebServiceServerTestExecutionListener@57642552, org.springframework.boot.test.mock.mockito.ResetMocksTestExecutionListener@32b5b8f8]
]]></system-out>
  <system-err><![CDATA[]]></system-err>
</testsuite>
