<?xml version="1.0" encoding="UTF-8"?>
<testsuite name="방에서 나가려 할 때," tests="6" skipped="0" failures="0" errors="0" timestamp="2024-02-20T14:07:47" hostname="ihoui-MacBookAir-12780.local" time="0.105">
  <properties/>
  <testcase name="존재하지 않는 방에 대한 요청이라면, 예외를 반환합니다." classname="quest.prography.lh.room.service.RoomCommandServiceTest$QuitRoom" time="0.015"/>
  <testcase name="방이 종료된 경우, 예외를 반환합니다." classname="quest.prography.lh.room.service.RoomCommandServiceTest$QuitRoom" time="0.01"/>
  <testcase name="호스트가 방을 나가는 경우, 방 내 모든 인원이 나가지며 완료 상태로 방 상태가 변경됩니다." classname="quest.prography.lh.room.service.RoomCommandServiceTest$QuitRoom" time="0.034"/>
  <testcase name="방이 진행중인 경우, 예외를 반환합니다." classname="quest.prography.lh.room.service.RoomCommandServiceTest$QuitRoom" time="0.01"/>
  <testcase name="사용자가 방에 참가하지 않은 경우, 예외를 반환합니다." classname="quest.prography.lh.room.service.RoomCommandServiceTest$QuitRoom" time="0.02"/>
  <testcase name="존재하지 않는 사용자에 대한 요청이라면, 예외를 반환합니다." classname="quest.prography.lh.room.service.RoomCommandServiceTest$QuitRoom" time="0.01"/>
  <system-out><![CDATA[2024-02-20 23:07:47.541  INFO 11474 --- [    Test worker] .b.t.c.SpringBootTestContextBootstrapper : Neither @ContextConfiguration nor @ContextHierarchy found for test class [quest.prography.lh.room.service.RoomCommandServiceTest$QuitRoom], using SpringBootContextLoader
2024-02-20 23:07:47.544  INFO 11474 --- [    Test worker] o.s.t.c.support.AbstractContextLoader    : Could not detect default resource locations for test class [quest.prography.lh.room.service.RoomCommandServiceTest$QuitRoom]: no resource found for suffixes {-context.xml, Context.groovy}.
2024-02-20 23:07:47.544  INFO 11474 --- [    Test worker] t.c.s.AnnotationConfigContextLoaderUtils : Could not detect default configuration classes for test class [quest.prography.lh.room.service.RoomCommandServiceTest$QuitRoom]: QuitRoom does not declare any static, non-private, non-final, nested classes annotated with @Configuration.
2024-02-20 23:07:47.547  INFO 11474 --- [    Test worker] .b.t.c.SpringBootTestContextBootstrapper : Found @SpringBootConfiguration quest.prography.lh.LhApplication for test class quest.prography.lh.room.service.RoomCommandServiceTest$QuitRoom
2024-02-20 23:07:47.548  INFO 11474 --- [    Test worker] .b.t.c.SpringBootTestContextBootstrapper : Loaded default TestExecutionListener class names from location [META-INF/spring.factories]: [org.springframework.boot.test.autoconfigure.restdocs.RestDocsTestExecutionListener, org.springframework.boot.test.autoconfigure.web.client.MockRestServiceServerResetTestExecutionListener, org.springframework.boot.test.autoconfigure.web.servlet.MockMvcPrintOnlyOnFailureTestExecutionListener, org.springframework.boot.test.autoconfigure.web.servlet.WebDriverTestExecutionListener, org.springframework.boot.test.autoconfigure.webservices.client.MockWebServiceServerTestExecutionListener, org.springframework.boot.test.mock.mockito.MockitoTestExecutionListener, org.springframework.boot.test.mock.mockito.ResetMocksTestExecutionListener, org.springframework.test.context.web.ServletTestExecutionListener, org.springframework.test.context.support.DirtiesContextBeforeModesTestExecutionListener, org.springframework.test.context.event.ApplicationEventsTestExecutionListener, org.springframework.test.context.support.DependencyInjectionTestExecutionListener, org.springframework.test.context.support.DirtiesContextTestExecutionListener, org.springframework.test.context.transaction.TransactionalTestExecutionListener, org.springframework.test.context.jdbc.SqlScriptsTestExecutionListener, org.springframework.test.context.event.EventPublishingTestExecutionListener]
2024-02-20 23:07:47.548  INFO 11474 --- [    Test worker] .b.t.c.SpringBootTestContextBootstrapper : Using TestExecutionListeners: [org.springframework.test.context.web.ServletTestExecutionListener@205efdfc, org.springframework.test.context.support.DirtiesContextBeforeModesTestExecutionListener@4306709f, org.springframework.test.context.event.ApplicationEventsTestExecutionListener@35be9318, org.springframework.boot.test.mock.mockito.MockitoTestExecutionListener@2ad39f2f, org.springframework.boot.test.autoconfigure.SpringBootDependencyInjectionTestExecutionListener@7db53694, org.springframework.test.context.support.DirtiesContextTestExecutionListener@dc72335, org.springframework.test.context.transaction.TransactionalTestExecutionListener@4c2057c6, org.springframework.test.context.jdbc.SqlScriptsTestExecutionListener@7abc838a, org.springframework.test.context.event.EventPublishingTestExecutionListener@2ee91bdf, org.springframework.boot.test.autoconfigure.restdocs.RestDocsTestExecutionListener@1a034bbc, org.springframework.boot.test.autoconfigure.web.client.MockRestServiceServerResetTestExecutionListener@5453b15d, org.springframework.boot.test.autoconfigure.web.servlet.MockMvcPrintOnlyOnFailureTestExecutionListener@4a6dd88e, org.springframework.boot.test.autoconfigure.web.servlet.WebDriverTestExecutionListener@2c3c05ff, org.springframework.boot.test.autoconfigure.webservices.client.MockWebServiceServerTestExecutionListener@2c62f56f, org.springframework.boot.test.mock.mockito.ResetMocksTestExecutionListener@65f270e7]
2024-02-20 23:07:47.555  INFO 11474 --- [    Test worker] o.s.t.c.transaction.TransactionContext   : Began transaction (1) for test context [DefaultTestContext@7afffc81 testClass = RoomCommandServiceTest.QuitRoom, testInstance = quest.prography.lh.room.service.RoomCommandServiceTest$QuitRoom@730c9287, testMethod = quitRoom_whenRoomNotFound_throwRoomNotFoundException@RoomCommandServiceTest.QuitRoom, testException = [null], mergedContextConfiguration = [WebMergedContextConfiguration@530e500c testClass = RoomCommandServiceTest.QuitRoom, locations = '{}', classes = '{class quest.prography.lh.LhApplication}', contextInitializerClasses = '[]', activeProfiles = '{}', propertySourceLocations = '{}', propertySourceProperties = '{org.springframework.boot.test.context.SpringBootTestContextBootstrapper=true}', contextCustomizers = set[org.springframework.boot.test.autoconfigure.actuate.metrics.MetricsExportContextCustomizerFactory$DisableMetricExportContextCustomizer@42b02722, org.springframework.boot.test.autoconfigure.properties.PropertyMappingContextCustomizer@0, org.springframework.boot.test.autoconfigure.web.servlet.WebDriverContextCustomizerFactory$Customizer@2f16c6b3, org.springframework.boot.test.context.filter.ExcludeFilterContextCustomizer@53941c2f, org.springframework.boot.test.json.DuplicateJsonObjectContextCustomizerFactory$DuplicateJsonObjectContextCustomizer@2766ca9d, org.springframework.boot.test.mock.mockito.MockitoContextCustomizer@0, org.springframework.boot.test.web.client.TestRestTemplateContextCustomizer@10cf09e8, org.springframework.boot.test.context.SpringBootTestArgs@1, org.springframework.boot.test.context.SpringBootTestWebEnvironment@5f683daf], resourceBasePath = 'src/main/webapp', contextLoader = 'org.springframework.boot.test.context.SpringBootContextLoader', parent = [null]], attributes = map['org.springframework.test.context.web.ServletTestExecutionListener.activateListener' -> true, 'org.springframework.test.context.web.ServletTestExecutionListener.populatedRequestContextHolder' -> true, 'org.springframework.test.context.web.ServletTestExecutionListener.resetRequestContextHolder' -> true, 'org.springframework.test.context.event.ApplicationEventsTestExecutionListener.recordApplicationEvents' -> false]]; transaction manager [org.springframework.orm.jpa.JpaTransactionManager@475fb7]; rollback [true]
Hibernate: insert into user (id, created_at, updated_at, pattern, regex, email, faker_id, name, status) values (default, ?, ?, ?, ?, ?, ?, ?, ?)
Hibernate: select room0_.id as id1_1_0_, room0_.created_at as created_2_1_0_, room0_.updated_at as updated_3_1_0_, room0_.host_id as host_id4_1_0_, room0_.room_type as room_typ5_1_0_, room0_.status as status6_1_0_, room0_.title as title7_1_0_ from room room0_ where room0_.id=?
2024-02-20 23:07:47.568  INFO 11474 --- [    Test worker] o.s.t.c.transaction.TransactionContext   : Rolled back transaction for test: [DefaultTestContext@7afffc81 testClass = RoomCommandServiceTest.QuitRoom, testInstance = quest.prography.lh.room.service.RoomCommandServiceTest$QuitRoom@730c9287, testMethod = quitRoom_whenRoomNotFound_throwRoomNotFoundException@RoomCommandServiceTest.QuitRoom, testException = [null], mergedContextConfiguration = [WebMergedContextConfiguration@530e500c testClass = RoomCommandServiceTest.QuitRoom, locations = '{}', classes = '{class quest.prography.lh.LhApplication}', contextInitializerClasses = '[]', activeProfiles = '{}', propertySourceLocations = '{}', propertySourceProperties = '{org.springframework.boot.test.context.SpringBootTestContextBootstrapper=true}', contextCustomizers = set[org.springframework.boot.test.autoconfigure.actuate.metrics.MetricsExportContextCustomizerFactory$DisableMetricExportContextCustomizer@42b02722, org.springframework.boot.test.autoconfigure.properties.PropertyMappingContextCustomizer@0, org.springframework.boot.test.autoconfigure.web.servlet.WebDriverContextCustomizerFactory$Customizer@2f16c6b3, org.springframework.boot.test.context.filter.ExcludeFilterContextCustomizer@53941c2f, org.springframework.boot.test.json.DuplicateJsonObjectContextCustomizerFactory$DuplicateJsonObjectContextCustomizer@2766ca9d, org.springframework.boot.test.mock.mockito.MockitoContextCustomizer@0, org.springframework.boot.test.web.client.TestRestTemplateContextCustomizer@10cf09e8, org.springframework.boot.test.context.SpringBootTestArgs@1, org.springframework.boot.test.context.SpringBootTestWebEnvironment@5f683daf], resourceBasePath = 'src/main/webapp', contextLoader = 'org.springframework.boot.test.context.SpringBootContextLoader', parent = [null]], attributes = map['org.springframework.test.context.web.ServletTestExecutionListener.activateListener' -> true, 'org.springframework.test.context.web.ServletTestExecutionListener.populatedRequestContextHolder' -> true, 'org.springframework.test.context.web.ServletTestExecutionListener.resetRequestContextHolder' -> true, 'org.springframework.test.context.event.ApplicationEventsTestExecutionListener.recordApplicationEvents' -> false]]
2024-02-20 23:07:47.571  INFO 11474 --- [    Test worker] o.s.t.c.transaction.TransactionContext   : Began transaction (1) for test context [DefaultTestContext@7afffc81 testClass = RoomCommandServiceTest.QuitRoom, testInstance = quest.prography.lh.room.service.RoomCommandServiceTest$QuitRoom@3606c525, testMethod = quitRoom_whenRoomIsAlreadyFinished_throwUnavailableRoomStatusException@RoomCommandServiceTest.QuitRoom, testException = [null], mergedContextConfiguration = [WebMergedContextConfiguration@530e500c testClass = RoomCommandServiceTest.QuitRoom, locations = '{}', classes = '{class quest.prography.lh.LhApplication}', contextInitializerClasses = '[]', activeProfiles = '{}', propertySourceLocations = '{}', propertySourceProperties = '{org.springframework.boot.test.context.SpringBootTestContextBootstrapper=true}', contextCustomizers = set[org.springframework.boot.test.autoconfigure.actuate.metrics.MetricsExportContextCustomizerFactory$DisableMetricExportContextCustomizer@42b02722, org.springframework.boot.test.autoconfigure.properties.PropertyMappingContextCustomizer@0, org.springframework.boot.test.autoconfigure.web.servlet.WebDriverContextCustomizerFactory$Customizer@2f16c6b3, org.springframework.boot.test.context.filter.ExcludeFilterContextCustomizer@53941c2f, org.springframework.boot.test.json.DuplicateJsonObjectContextCustomizerFactory$DuplicateJsonObjectContextCustomizer@2766ca9d, org.springframework.boot.test.mock.mockito.MockitoContextCustomizer@0, org.springframework.boot.test.web.client.TestRestTemplateContextCustomizer@10cf09e8, org.springframework.boot.test.context.SpringBootTestArgs@1, org.springframework.boot.test.context.SpringBootTestWebEnvironment@5f683daf], resourceBasePath = 'src/main/webapp', contextLoader = 'org.springframework.boot.test.context.SpringBootContextLoader', parent = [null]], attributes = map['org.springframework.test.context.web.ServletTestExecutionListener.activateListener' -> true, 'org.springframework.test.context.web.ServletTestExecutionListener.populatedRequestContextHolder' -> true, 'org.springframework.test.context.web.ServletTestExecutionListener.resetRequestContextHolder' -> true, 'org.springframework.test.context.event.ApplicationEventsTestExecutionListener.recordApplicationEvents' -> false]]; transaction manager [org.springframework.orm.jpa.JpaTransactionManager@475fb7]; rollback [true]
Hibernate: insert into user (id, created_at, updated_at, pattern, regex, email, faker_id, name, status) values (default, ?, ?, ?, ?, ?, ?, ?, ?)
Hibernate: insert into room (id, created_at, updated_at, host_id, room_type, status, title) values (default, ?, ?, ?, ?, ?, ?)
Hibernate: insert into player (id, room_id, team, user_id) values (default, ?, ?, ?)
2024-02-20 23:07:47.580  INFO 11474 --- [    Test worker] o.s.t.c.transaction.TransactionContext   : Rolled back transaction for test: [DefaultTestContext@7afffc81 testClass = RoomCommandServiceTest.QuitRoom, testInstance = quest.prography.lh.room.service.RoomCommandServiceTest$QuitRoom@3606c525, testMethod = quitRoom_whenRoomIsAlreadyFinished_throwUnavailableRoomStatusException@RoomCommandServiceTest.QuitRoom, testException = [null], mergedContextConfiguration = [WebMergedContextConfiguration@530e500c testClass = RoomCommandServiceTest.QuitRoom, locations = '{}', classes = '{class quest.prography.lh.LhApplication}', contextInitializerClasses = '[]', activeProfiles = '{}', propertySourceLocations = '{}', propertySourceProperties = '{org.springframework.boot.test.context.SpringBootTestContextBootstrapper=true}', contextCustomizers = set[org.springframework.boot.test.autoconfigure.actuate.metrics.MetricsExportContextCustomizerFactory$DisableMetricExportContextCustomizer@42b02722, org.springframework.boot.test.autoconfigure.properties.PropertyMappingContextCustomizer@0, org.springframework.boot.test.autoconfigure.web.servlet.WebDriverContextCustomizerFactory$Customizer@2f16c6b3, org.springframework.boot.test.context.filter.ExcludeFilterContextCustomizer@53941c2f, org.springframework.boot.test.json.DuplicateJsonObjectContextCustomizerFactory$DuplicateJsonObjectContextCustomizer@2766ca9d, org.springframework.boot.test.mock.mockito.MockitoContextCustomizer@0, org.springframework.boot.test.web.client.TestRestTemplateContextCustomizer@10cf09e8, org.springframework.boot.test.context.SpringBootTestArgs@1, org.springframework.boot.test.context.SpringBootTestWebEnvironment@5f683daf], resourceBasePath = 'src/main/webapp', contextLoader = 'org.springframework.boot.test.context.SpringBootContextLoader', parent = [null]], attributes = map['org.springframework.test.context.web.ServletTestExecutionListener.activateListener' -> true, 'org.springframework.test.context.web.ServletTestExecutionListener.populatedRequestContextHolder' -> true, 'org.springframework.test.context.web.ServletTestExecutionListener.resetRequestContextHolder' -> true, 'org.springframework.test.context.event.ApplicationEventsTestExecutionListener.recordApplicationEvents' -> false]]
2024-02-20 23:07:47.582  INFO 11474 --- [    Test worker] o.s.t.c.transaction.TransactionContext   : Began transaction (1) for test context [DefaultTestContext@7afffc81 testClass = RoomCommandServiceTest.QuitRoom, testInstance = quest.prography.lh.room.service.RoomCommandServiceTest$QuitRoom@1077a7, testMethod = quitRoom_whenHostQuitRoom_allPlayersQuitRoom@RoomCommandServiceTest.QuitRoom, testException = [null], mergedContextConfiguration = [WebMergedContextConfiguration@530e500c testClass = RoomCommandServiceTest.QuitRoom, locations = '{}', classes = '{class quest.prography.lh.LhApplication}', contextInitializerClasses = '[]', activeProfiles = '{}', propertySourceLocations = '{}', propertySourceProperties = '{org.springframework.boot.test.context.SpringBootTestContextBootstrapper=true}', contextCustomizers = set[org.springframework.boot.test.autoconfigure.actuate.metrics.MetricsExportContextCustomizerFactory$DisableMetricExportContextCustomizer@42b02722, org.springframework.boot.test.autoconfigure.properties.PropertyMappingContextCustomizer@0, org.springframework.boot.test.autoconfigure.web.servlet.WebDriverContextCustomizerFactory$Customizer@2f16c6b3, org.springframework.boot.test.context.filter.ExcludeFilterContextCustomizer@53941c2f, org.springframework.boot.test.json.DuplicateJsonObjectContextCustomizerFactory$DuplicateJsonObjectContextCustomizer@2766ca9d, org.springframework.boot.test.mock.mockito.MockitoContextCustomizer@0, org.springframework.boot.test.web.client.TestRestTemplateContextCustomizer@10cf09e8, org.springframework.boot.test.context.SpringBootTestArgs@1, org.springframework.boot.test.context.SpringBootTestWebEnvironment@5f683daf], resourceBasePath = 'src/main/webapp', contextLoader = 'org.springframework.boot.test.context.SpringBootContextLoader', parent = [null]], attributes = map['org.springframework.test.context.web.ServletTestExecutionListener.activateListener' -> true, 'org.springframework.test.context.web.ServletTestExecutionListener.populatedRequestContextHolder' -> true, 'org.springframework.test.context.web.ServletTestExecutionListener.resetRequestContextHolder' -> true, 'org.springframework.test.context.event.ApplicationEventsTestExecutionListener.recordApplicationEvents' -> false]]; transaction manager [org.springframework.orm.jpa.JpaTransactionManager@475fb7]; rollback [true]
Hibernate: insert into user (id, created_at, updated_at, pattern, regex, email, faker_id, name, status) values (default, ?, ?, ?, ?, ?, ?, ?, ?)
Hibernate: insert into user (id, created_at, updated_at, pattern, regex, email, faker_id, name, status) values (default, ?, ?, ?, ?, ?, ?, ?, ?)
Hibernate: insert into room (id, created_at, updated_at, host_id, room_type, status, title) values (default, ?, ?, ?, ?, ?, ?)
Hibernate: insert into player (id, room_id, team, user_id) values (default, ?, ?, ?)
Hibernate: insert into player (id, room_id, team, user_id) values (default, ?, ?, ?)
Hibernate: select player0_.id as id1_0_, player0_.room_id as room_id2_0_, player0_.team as team3_0_, player0_.user_id as user_id4_0_ from player player0_ where player0_.room_id=?
Hibernate: select player0_.id as id1_0_, player0_.room_id as room_id2_0_, player0_.team as team3_0_, player0_.user_id as user_id4_0_ from player player0_ where player0_.room_id=?
Hibernate: update room set updated_at=?, status=? where id=?
Hibernate: delete from player where id=?
Hibernate: delete from player where id=?
Hibernate: select player0_.id as id1_0_, player0_.room_id as room_id2_0_, player0_.team as team3_0_, player0_.user_id as user_id4_0_ from player player0_ where player0_.room_id=?
2024-02-20 23:07:47.615  INFO 11474 --- [    Test worker] o.s.t.c.transaction.TransactionContext   : Rolled back transaction for test: [DefaultTestContext@7afffc81 testClass = RoomCommandServiceTest.QuitRoom, testInstance = quest.prography.lh.room.service.RoomCommandServiceTest$QuitRoom@1077a7, testMethod = quitRoom_whenHostQuitRoom_allPlayersQuitRoom@RoomCommandServiceTest.QuitRoom, testException = [null], mergedContextConfiguration = [WebMergedContextConfiguration@530e500c testClass = RoomCommandServiceTest.QuitRoom, locations = '{}', classes = '{class quest.prography.lh.LhApplication}', contextInitializerClasses = '[]', activeProfiles = '{}', propertySourceLocations = '{}', propertySourceProperties = '{org.springframework.boot.test.context.SpringBootTestContextBootstrapper=true}', contextCustomizers = set[org.springframework.boot.test.autoconfigure.actuate.metrics.MetricsExportContextCustomizerFactory$DisableMetricExportContextCustomizer@42b02722, org.springframework.boot.test.autoconfigure.properties.PropertyMappingContextCustomizer@0, org.springframework.boot.test.autoconfigure.web.servlet.WebDriverContextCustomizerFactory$Customizer@2f16c6b3, org.springframework.boot.test.context.filter.ExcludeFilterContextCustomizer@53941c2f, org.springframework.boot.test.json.DuplicateJsonObjectContextCustomizerFactory$DuplicateJsonObjectContextCustomizer@2766ca9d, org.springframework.boot.test.mock.mockito.MockitoContextCustomizer@0, org.springframework.boot.test.web.client.TestRestTemplateContextCustomizer@10cf09e8, org.springframework.boot.test.context.SpringBootTestArgs@1, org.springframework.boot.test.context.SpringBootTestWebEnvironment@5f683daf], resourceBasePath = 'src/main/webapp', contextLoader = 'org.springframework.boot.test.context.SpringBootContextLoader', parent = [null]], attributes = map['org.springframework.test.context.web.ServletTestExecutionListener.activateListener' -> true, 'org.springframework.test.context.web.ServletTestExecutionListener.populatedRequestContextHolder' -> true, 'org.springframework.test.context.web.ServletTestExecutionListener.resetRequestContextHolder' -> true, 'org.springframework.test.context.event.ApplicationEventsTestExecutionListener.recordApplicationEvents' -> false]]
2024-02-20 23:07:47.618  INFO 11474 --- [    Test worker] o.s.t.c.transaction.TransactionContext   : Began transaction (1) for test context [DefaultTestContext@7afffc81 testClass = RoomCommandServiceTest.QuitRoom, testInstance = quest.prography.lh.room.service.RoomCommandServiceTest$QuitRoom@5a5c041f, testMethod = quitRoom_whenRoomIsAlreadyProgress_throwUnavailableRoomStatusException@RoomCommandServiceTest.QuitRoom, testException = [null], mergedContextConfiguration = [WebMergedContextConfiguration@530e500c testClass = RoomCommandServiceTest.QuitRoom, locations = '{}', classes = '{class quest.prography.lh.LhApplication}', contextInitializerClasses = '[]', activeProfiles = '{}', propertySourceLocations = '{}', propertySourceProperties = '{org.springframework.boot.test.context.SpringBootTestContextBootstrapper=true}', contextCustomizers = set[org.springframework.boot.test.autoconfigure.actuate.metrics.MetricsExportContextCustomizerFactory$DisableMetricExportContextCustomizer@42b02722, org.springframework.boot.test.autoconfigure.properties.PropertyMappingContextCustomizer@0, org.springframework.boot.test.autoconfigure.web.servlet.WebDriverContextCustomizerFactory$Customizer@2f16c6b3, org.springframework.boot.test.context.filter.ExcludeFilterContextCustomizer@53941c2f, org.springframework.boot.test.json.DuplicateJsonObjectContextCustomizerFactory$DuplicateJsonObjectContextCustomizer@2766ca9d, org.springframework.boot.test.mock.mockito.MockitoContextCustomizer@0, org.springframework.boot.test.web.client.TestRestTemplateContextCustomizer@10cf09e8, org.springframework.boot.test.context.SpringBootTestArgs@1, org.springframework.boot.test.context.SpringBootTestWebEnvironment@5f683daf], resourceBasePath = 'src/main/webapp', contextLoader = 'org.springframework.boot.test.context.SpringBootContextLoader', parent = [null]], attributes = map['org.springframework.test.context.web.ServletTestExecutionListener.activateListener' -> true, 'org.springframework.test.context.web.ServletTestExecutionListener.populatedRequestContextHolder' -> true, 'org.springframework.test.context.web.ServletTestExecutionListener.resetRequestContextHolder' -> true, 'org.springframework.test.context.event.ApplicationEventsTestExecutionListener.recordApplicationEvents' -> false]]; transaction manager [org.springframework.orm.jpa.JpaTransactionManager@475fb7]; rollback [true]
Hibernate: insert into user (id, created_at, updated_at, pattern, regex, email, faker_id, name, status) values (default, ?, ?, ?, ?, ?, ?, ?, ?)
Hibernate: insert into room (id, created_at, updated_at, host_id, room_type, status, title) values (default, ?, ?, ?, ?, ?, ?)
Hibernate: insert into player (id, room_id, team, user_id) values (default, ?, ?, ?)
2024-02-20 23:07:47.626  INFO 11474 --- [    Test worker] o.s.t.c.transaction.TransactionContext   : Rolled back transaction for test: [DefaultTestContext@7afffc81 testClass = RoomCommandServiceTest.QuitRoom, testInstance = quest.prography.lh.room.service.RoomCommandServiceTest$QuitRoom@5a5c041f, testMethod = quitRoom_whenRoomIsAlreadyProgress_throwUnavailableRoomStatusException@RoomCommandServiceTest.QuitRoom, testException = [null], mergedContextConfiguration = [WebMergedContextConfiguration@530e500c testClass = RoomCommandServiceTest.QuitRoom, locations = '{}', classes = '{class quest.prography.lh.LhApplication}', contextInitializerClasses = '[]', activeProfiles = '{}', propertySourceLocations = '{}', propertySourceProperties = '{org.springframework.boot.test.context.SpringBootTestContextBootstrapper=true}', contextCustomizers = set[org.springframework.boot.test.autoconfigure.actuate.metrics.MetricsExportContextCustomizerFactory$DisableMetricExportContextCustomizer@42b02722, org.springframework.boot.test.autoconfigure.properties.PropertyMappingContextCustomizer@0, org.springframework.boot.test.autoconfigure.web.servlet.WebDriverContextCustomizerFactory$Customizer@2f16c6b3, org.springframework.boot.test.context.filter.ExcludeFilterContextCustomizer@53941c2f, org.springframework.boot.test.json.DuplicateJsonObjectContextCustomizerFactory$DuplicateJsonObjectContextCustomizer@2766ca9d, org.springframework.boot.test.mock.mockito.MockitoContextCustomizer@0, org.springframework.boot.test.web.client.TestRestTemplateContextCustomizer@10cf09e8, org.springframework.boot.test.context.SpringBootTestArgs@1, org.springframework.boot.test.context.SpringBootTestWebEnvironment@5f683daf], resourceBasePath = 'src/main/webapp', contextLoader = 'org.springframework.boot.test.context.SpringBootContextLoader', parent = [null]], attributes = map['org.springframework.test.context.web.ServletTestExecutionListener.activateListener' -> true, 'org.springframework.test.context.web.ServletTestExecutionListener.populatedRequestContextHolder' -> true, 'org.springframework.test.context.web.ServletTestExecutionListener.resetRequestContextHolder' -> true, 'org.springframework.test.context.event.ApplicationEventsTestExecutionListener.recordApplicationEvents' -> false]]
2024-02-20 23:07:47.629  INFO 11474 --- [    Test worker] o.s.t.c.transaction.TransactionContext   : Began transaction (1) for test context [DefaultTestContext@7afffc81 testClass = RoomCommandServiceTest.QuitRoom, testInstance = quest.prography.lh.room.service.RoomCommandServiceTest$QuitRoom@7db57566, testMethod = quitRoom_whenUserIsNotAttendRequestedRoom_throwUserNotAttendedException@RoomCommandServiceTest.QuitRoom, testException = [null], mergedContextConfiguration = [WebMergedContextConfiguration@530e500c testClass = RoomCommandServiceTest.QuitRoom, locations = '{}', classes = '{class quest.prography.lh.LhApplication}', contextInitializerClasses = '[]', activeProfiles = '{}', propertySourceLocations = '{}', propertySourceProperties = '{org.springframework.boot.test.context.SpringBootTestContextBootstrapper=true}', contextCustomizers = set[org.springframework.boot.test.autoconfigure.actuate.metrics.MetricsExportContextCustomizerFactory$DisableMetricExportContextCustomizer@42b02722, org.springframework.boot.test.autoconfigure.properties.PropertyMappingContextCustomizer@0, org.springframework.boot.test.autoconfigure.web.servlet.WebDriverContextCustomizerFactory$Customizer@2f16c6b3, org.springframework.boot.test.context.filter.ExcludeFilterContextCustomizer@53941c2f, org.springframework.boot.test.json.DuplicateJsonObjectContextCustomizerFactory$DuplicateJsonObjectContextCustomizer@2766ca9d, org.springframework.boot.test.mock.mockito.MockitoContextCustomizer@0, org.springframework.boot.test.web.client.TestRestTemplateContextCustomizer@10cf09e8, org.springframework.boot.test.context.SpringBootTestArgs@1, org.springframework.boot.test.context.SpringBootTestWebEnvironment@5f683daf], resourceBasePath = 'src/main/webapp', contextLoader = 'org.springframework.boot.test.context.SpringBootContextLoader', parent = [null]], attributes = map['org.springframework.test.context.web.ServletTestExecutionListener.activateListener' -> true, 'org.springframework.test.context.web.ServletTestExecutionListener.populatedRequestContextHolder' -> true, 'org.springframework.test.context.web.ServletTestExecutionListener.resetRequestContextHolder' -> true, 'org.springframework.test.context.event.ApplicationEventsTestExecutionListener.recordApplicationEvents' -> false]]; transaction manager [org.springframework.orm.jpa.JpaTransactionManager@475fb7]; rollback [true]
Hibernate: insert into user (id, created_at, updated_at, pattern, regex, email, faker_id, name, status) values (default, ?, ?, ?, ?, ?, ?, ?, ?)
Hibernate: insert into room (id, created_at, updated_at, host_id, room_type, status, title) values (default, ?, ?, ?, ?, ?, ?)
Hibernate: insert into user (id, created_at, updated_at, pattern, regex, email, faker_id, name, status) values (default, ?, ?, ?, ?, ?, ?, ?, ?)
Hibernate: insert into room (id, created_at, updated_at, host_id, room_type, status, title) values (default, ?, ?, ?, ?, ?, ?)
Hibernate: insert into player (id, room_id, team, user_id) values (default, ?, ?, ?)
Hibernate: insert into player (id, room_id, team, user_id) values (default, ?, ?, ?)
Hibernate: select player0_.id as id1_0_, player0_.room_id as room_id2_0_, player0_.team as team3_0_, player0_.user_id as user_id4_0_ from player player0_ where player0_.room_id=?
2024-02-20 23:07:47.647  INFO 11474 --- [    Test worker] o.s.t.c.transaction.TransactionContext   : Rolled back transaction for test: [DefaultTestContext@7afffc81 testClass = RoomCommandServiceTest.QuitRoom, testInstance = quest.prography.lh.room.service.RoomCommandServiceTest$QuitRoom@7db57566, testMethod = quitRoom_whenUserIsNotAttendRequestedRoom_throwUserNotAttendedException@RoomCommandServiceTest.QuitRoom, testException = [null], mergedContextConfiguration = [WebMergedContextConfiguration@530e500c testClass = RoomCommandServiceTest.QuitRoom, locations = '{}', classes = '{class quest.prography.lh.LhApplication}', contextInitializerClasses = '[]', activeProfiles = '{}', propertySourceLocations = '{}', propertySourceProperties = '{org.springframework.boot.test.context.SpringBootTestContextBootstrapper=true}', contextCustomizers = set[org.springframework.boot.test.autoconfigure.actuate.metrics.MetricsExportContextCustomizerFactory$DisableMetricExportContextCustomizer@42b02722, org.springframework.boot.test.autoconfigure.properties.PropertyMappingContextCustomizer@0, org.springframework.boot.test.autoconfigure.web.servlet.WebDriverContextCustomizerFactory$Customizer@2f16c6b3, org.springframework.boot.test.context.filter.ExcludeFilterContextCustomizer@53941c2f, org.springframework.boot.test.json.DuplicateJsonObjectContextCustomizerFactory$DuplicateJsonObjectContextCustomizer@2766ca9d, org.springframework.boot.test.mock.mockito.MockitoContextCustomizer@0, org.springframework.boot.test.web.client.TestRestTemplateContextCustomizer@10cf09e8, org.springframework.boot.test.context.SpringBootTestArgs@1, org.springframework.boot.test.context.SpringBootTestWebEnvironment@5f683daf], resourceBasePath = 'src/main/webapp', contextLoader = 'org.springframework.boot.test.context.SpringBootContextLoader', parent = [null]], attributes = map['org.springframework.test.context.web.ServletTestExecutionListener.activateListener' -> true, 'org.springframework.test.context.web.ServletTestExecutionListener.populatedRequestContextHolder' -> true, 'org.springframework.test.context.web.ServletTestExecutionListener.resetRequestContextHolder' -> true, 'org.springframework.test.context.event.ApplicationEventsTestExecutionListener.recordApplicationEvents' -> false]]
2024-02-20 23:07:47.649  INFO 11474 --- [    Test worker] o.s.t.c.transaction.TransactionContext   : Began transaction (1) for test context [DefaultTestContext@7afffc81 testClass = RoomCommandServiceTest.QuitRoom, testInstance = quest.prography.lh.room.service.RoomCommandServiceTest$QuitRoom@1a2d9177, testMethod = quitRoom_whenUserNotFound_throwUserNotFoundException@RoomCommandServiceTest.QuitRoom, testException = [null], mergedContextConfiguration = [WebMergedContextConfiguration@530e500c testClass = RoomCommandServiceTest.QuitRoom, locations = '{}', classes = '{class quest.prography.lh.LhApplication}', contextInitializerClasses = '[]', activeProfiles = '{}', propertySourceLocations = '{}', propertySourceProperties = '{org.springframework.boot.test.context.SpringBootTestContextBootstrapper=true}', contextCustomizers = set[org.springframework.boot.test.autoconfigure.actuate.metrics.MetricsExportContextCustomizerFactory$DisableMetricExportContextCustomizer@42b02722, org.springframework.boot.test.autoconfigure.properties.PropertyMappingContextCustomizer@0, org.springframework.boot.test.autoconfigure.web.servlet.WebDriverContextCustomizerFactory$Customizer@2f16c6b3, org.springframework.boot.test.context.filter.ExcludeFilterContextCustomizer@53941c2f, org.springframework.boot.test.json.DuplicateJsonObjectContextCustomizerFactory$DuplicateJsonObjectContextCustomizer@2766ca9d, org.springframework.boot.test.mock.mockito.MockitoContextCustomizer@0, org.springframework.boot.test.web.client.TestRestTemplateContextCustomizer@10cf09e8, org.springframework.boot.test.context.SpringBootTestArgs@1, org.springframework.boot.test.context.SpringBootTestWebEnvironment@5f683daf], resourceBasePath = 'src/main/webapp', contextLoader = 'org.springframework.boot.test.context.SpringBootContextLoader', parent = [null]], attributes = map['org.springframework.test.context.web.ServletTestExecutionListener.activateListener' -> true, 'org.springframework.test.context.web.ServletTestExecutionListener.populatedRequestContextHolder' -> true, 'org.springframework.test.context.web.ServletTestExecutionListener.resetRequestContextHolder' -> true, 'org.springframework.test.context.event.ApplicationEventsTestExecutionListener.recordApplicationEvents' -> false]]; transaction manager [org.springframework.orm.jpa.JpaTransactionManager@475fb7]; rollback [true]
Hibernate: insert into user (id, created_at, updated_at, pattern, regex, email, faker_id, name, status) values (default, ?, ?, ?, ?, ?, ?, ?, ?)
Hibernate: insert into room (id, created_at, updated_at, host_id, room_type, status, title) values (default, ?, ?, ?, ?, ?, ?)
Hibernate: select user0_.id as id1_2_0_, user0_.created_at as created_2_2_0_, user0_.updated_at as updated_3_2_0_, user0_.pattern as pattern4_2_0_, user0_.regex as regex5_2_0_, user0_.email as email6_2_0_, user0_.faker_id as faker_id7_2_0_, user0_.name as name8_2_0_, user0_.status as status9_2_0_ from user user0_ where user0_.id=?
2024-02-20 23:07:47.658  INFO 11474 --- [    Test worker] o.s.t.c.transaction.TransactionContext   : Rolled back transaction for test: [DefaultTestContext@7afffc81 testClass = RoomCommandServiceTest.QuitRoom, testInstance = quest.prography.lh.room.service.RoomCommandServiceTest$QuitRoom@1a2d9177, testMethod = quitRoom_whenUserNotFound_throwUserNotFoundException@RoomCommandServiceTest.QuitRoom, testException = [null], mergedContextConfiguration = [WebMergedContextConfiguration@530e500c testClass = RoomCommandServiceTest.QuitRoom, locations = '{}', classes = '{class quest.prography.lh.LhApplication}', contextInitializerClasses = '[]', activeProfiles = '{}', propertySourceLocations = '{}', propertySourceProperties = '{org.springframework.boot.test.context.SpringBootTestContextBootstrapper=true}', contextCustomizers = set[org.springframework.boot.test.autoconfigure.actuate.metrics.MetricsExportContextCustomizerFactory$DisableMetricExportContextCustomizer@42b02722, org.springframework.boot.test.autoconfigure.properties.PropertyMappingContextCustomizer@0, org.springframework.boot.test.autoconfigure.web.servlet.WebDriverContextCustomizerFactory$Customizer@2f16c6b3, org.springframework.boot.test.context.filter.ExcludeFilterContextCustomizer@53941c2f, org.springframework.boot.test.json.DuplicateJsonObjectContextCustomizerFactory$DuplicateJsonObjectContextCustomizer@2766ca9d, org.springframework.boot.test.mock.mockito.MockitoContextCustomizer@0, org.springframework.boot.test.web.client.TestRestTemplateContextCustomizer@10cf09e8, org.springframework.boot.test.context.SpringBootTestArgs@1, org.springframework.boot.test.context.SpringBootTestWebEnvironment@5f683daf], resourceBasePath = 'src/main/webapp', contextLoader = 'org.springframework.boot.test.context.SpringBootContextLoader', parent = [null]], attributes = map['org.springframework.test.context.web.ServletTestExecutionListener.activateListener' -> true, 'org.springframework.test.context.web.ServletTestExecutionListener.populatedRequestContextHolder' -> true, 'org.springframework.test.context.web.ServletTestExecutionListener.resetRequestContextHolder' -> true, 'org.springframework.test.context.event.ApplicationEventsTestExecutionListener.recordApplicationEvents' -> false]]
]]></system-out>
  <system-err><![CDATA[]]></system-err>
</testsuite>
